{"/home/rahvin/repos/launchcode/flexpath-final-project/frontend/src/App.jsx": {"path":"/home/rahvin/repos/launchcode/flexpath-final-project/frontend/src/App.jsx","statementMap":{"0":{"start":{"line":9,"column":38},"end":{"line":9,"column":58}},"1":{"start":{"line":10,"column":34},"end":{"line":10,"column":53}},"2":{"start":{"line":11,"column":32},"end":{"line":11,"column":47}},"3":{"start":{"line":12,"column":38},"end":{"line":12,"column":53}},"4":{"start":{"line":14,"column":2},"end":{"line":39,"column":4}}},"fnMap":{"0":{"name":"App","decl":{"start":{"line":8,"column":9},"end":{"line":8,"column":12}},"loc":{"start":{"line":8,"column":15},"end":{"line":40,"column":1}},"line":8}},"branchMap":{},"s":{"0":1,"1":1,"2":1,"3":1,"4":1},"f":{"0":1},"b":{},"_coverageSchema":"1a1c01bbd47fc00a2c39e90264f33305004495a9","hash":"f9074bc85e6c561ef08058c5e6883df26fab5144"}
,"/home/rahvin/repos/launchcode/flexpath-final-project/frontend/src/main.jsx": {"path":"/home/rahvin/repos/launchcode/flexpath-final-project/frontend/src/main.jsx","statementMap":{"0":{"start":{"line":9,"column":0},"end":{"line":17,"column":2}}},"fnMap":{},"branchMap":{},"s":{"0":0},"f":{},"b":{}}
,"/home/rahvin/repos/launchcode/flexpath-final-project/frontend/src/styleMock.js": {"path":"/home/rahvin/repos/launchcode/flexpath-final-project/frontend/src/styleMock.js","statementMap":{},"fnMap":{},"branchMap":{},"s":{},"f":{},"b":{}}
,"/home/rahvin/repos/launchcode/flexpath-final-project/frontend/src/buttons/EditSelect.jsx": {"path":"/home/rahvin/repos/launchcode/flexpath-final-project/frontend/src/buttons/EditSelect.jsx","statementMap":{"0":{"start":{"line":5,"column":25},"end":{"line":7,"column":3}},"1":{"start":{"line":6,"column":4},"end":{"line":6,"column":26}},"2":{"start":{"line":9,"column":2},"end":{"line":53,"column":4}},"3":{"start":{"line":30,"column":27},"end":{"line":30,"column":52}},"4":{"start":{"line":38,"column":27},"end":{"line":38,"column":54}},"5":{"start":{"line":46,"column":27},"end":{"line":46,"column":53}}},"fnMap":{"0":{"name":"EditSelect","decl":{"start":{"line":4,"column":24},"end":{"line":4,"column":34}},"loc":{"start":{"line":4,"column":52},"end":{"line":54,"column":1}},"line":4},"1":{"name":"(anonymous_1)","decl":{"start":{"line":5,"column":25},"end":{"line":5,"column":26}},"loc":{"start":{"line":5,"column":39},"end":{"line":7,"column":3}},"line":5},"2":{"name":"(anonymous_2)","decl":{"start":{"line":30,"column":21},"end":{"line":30,"column":22}},"loc":{"start":{"line":30,"column":27},"end":{"line":30,"column":52}},"line":30},"3":{"name":"(anonymous_3)","decl":{"start":{"line":38,"column":21},"end":{"line":38,"column":22}},"loc":{"start":{"line":38,"column":27},"end":{"line":38,"column":54}},"line":38},"4":{"name":"(anonymous_4)","decl":{"start":{"line":46,"column":21},"end":{"line":46,"column":22}},"loc":{"start":{"line":46,"column":27},"end":{"line":46,"column":53}},"line":46}},"branchMap":{"0":{"loc":{"start":{"line":14,"column":17},"end":{"line":14,"column":73}},"type":"cond-expr","locations":[{"start":{"line":14,"column":57},"end":{"line":14,"column":64}},{"start":{"line":14,"column":67},"end":{"line":14,"column":73}}],"line":14}},"s":{"0":2,"1":0,"2":2,"3":0,"4":0,"5":0},"f":{"0":2,"1":0,"2":0,"3":0,"4":0},"b":{"0":[1,1]},"_coverageSchema":"1a1c01bbd47fc00a2c39e90264f33305004495a9","hash":"60b424be1aba7bc0c7dafcda3fc2e7330bfe6b9d"}
,"/home/rahvin/repos/launchcode/flexpath-final-project/frontend/src/buttons/LoginButton.jsx": {"path":"/home/rahvin/repos/launchcode/flexpath-final-project/frontend/src/buttons/LoginButton.jsx","statementMap":{"0":{"start":{"line":13,"column":19},"end":{"line":13,"column":32}},"1":{"start":{"line":15,"column":4},"end":{"line":15,"column":27}},"2":{"start":{"line":17,"column":23},"end":{"line":21,"column":3}},"3":{"start":{"line":18,"column":4},"end":{"line":18,"column":19}},"4":{"start":{"line":19,"column":4},"end":{"line":19,"column":25}},"5":{"start":{"line":20,"column":4},"end":{"line":20,"column":18}},"6":{"start":{"line":23,"column":2},"end":{"line":69,"column":4}},"7":{"start":{"line":43,"column":31},"end":{"line":43,"column":51}},"8":{"start":{"line":51,"column":31},"end":{"line":51,"column":54}},"9":{"start":{"line":57,"column":64},"end":{"line":57,"column":78}}},"fnMap":{"0":{"name":"LoginButton","decl":{"start":{"line":12,"column":24},"end":{"line":12,"column":35}},"loc":{"start":{"line":12,"column":38},"end":{"line":70,"column":1}},"line":12},"1":{"name":"(anonymous_1)","decl":{"start":{"line":17,"column":23},"end":{"line":17,"column":24}},"loc":{"start":{"line":17,"column":29},"end":{"line":21,"column":3}},"line":17},"2":{"name":"(anonymous_2)","decl":{"start":{"line":43,"column":25},"end":{"line":43,"column":26}},"loc":{"start":{"line":43,"column":31},"end":{"line":43,"column":51}},"line":43},"3":{"name":"(anonymous_3)","decl":{"start":{"line":51,"column":25},"end":{"line":51,"column":26}},"loc":{"start":{"line":51,"column":31},"end":{"line":51,"column":54}},"line":51},"4":{"name":"(anonymous_4)","decl":{"start":{"line":57,"column":58},"end":{"line":57,"column":59}},"loc":{"start":{"line":57,"column":64},"end":{"line":57,"column":78}},"line":57}},"branchMap":{"0":{"loc":{"start":{"line":25,"column":7},"end":{"line":67,"column":7}},"type":"cond-expr","locations":[{"start":{"line":26,"column":8},"end":{"line":62,"column":14}},{"start":{"line":64,"column":8},"end":{"line":66,"column":15}}],"line":25},"1":{"loc":{"start":{"line":34,"column":13},"end":{"line":34,"column":44}},"type":"cond-expr","locations":[{"start":{"line":34,"column":26},"end":{"line":34,"column":34}},{"start":{"line":34,"column":37},"end":{"line":34,"column":44}}],"line":34}},"s":{"0":3,"1":3,"2":3,"3":0,"4":0,"5":0,"6":3,"7":0,"8":0,"9":0},"f":{"0":3,"1":0,"2":0,"3":0,"4":0},"b":{"0":[2,1],"1":[2,0]},"_coverageSchema":"1a1c01bbd47fc00a2c39e90264f33305004495a9","hash":"b45b522e0dc47a8e2d9f65084093d73269aa32bf"}
,"/home/rahvin/repos/launchcode/flexpath-final-project/frontend/src/buttons/SearchSelect.jsx": {"path":"/home/rahvin/repos/launchcode/flexpath-final-project/frontend/src/buttons/SearchSelect.jsx","statementMap":{"0":{"start":{"line":5,"column":29},"end":{"line":7,"column":3}},"1":{"start":{"line":6,"column":4},"end":{"line":6,"column":26}},"2":{"start":{"line":9,"column":2},"end":{"line":56,"column":4}},"3":{"start":{"line":33,"column":27},"end":{"line":33,"column":57}},"4":{"start":{"line":41,"column":27},"end":{"line":41,"column":53}},"5":{"start":{"line":49,"column":27},"end":{"line":49,"column":56}}},"fnMap":{"0":{"name":"SearchSelect","decl":{"start":{"line":4,"column":24},"end":{"line":4,"column":36}},"loc":{"start":{"line":4,"column":56},"end":{"line":57,"column":1}},"line":4},"1":{"name":"(anonymous_1)","decl":{"start":{"line":5,"column":29},"end":{"line":5,"column":30}},"loc":{"start":{"line":5,"column":41},"end":{"line":7,"column":3}},"line":5},"2":{"name":"(anonymous_2)","decl":{"start":{"line":33,"column":21},"end":{"line":33,"column":22}},"loc":{"start":{"line":33,"column":27},"end":{"line":33,"column":57}},"line":33},"3":{"name":"(anonymous_3)","decl":{"start":{"line":41,"column":21},"end":{"line":41,"column":22}},"loc":{"start":{"line":41,"column":27},"end":{"line":41,"column":53}},"line":41},"4":{"name":"(anonymous_4)","decl":{"start":{"line":49,"column":21},"end":{"line":49,"column":22}},"loc":{"start":{"line":49,"column":27},"end":{"line":49,"column":56}},"line":49}},"branchMap":{"0":{"loc":{"start":{"line":14,"column":17},"end":{"line":14,"column":72}},"type":"cond-expr","locations":[{"start":{"line":14,"column":56},"end":{"line":14,"column":63}},{"start":{"line":14,"column":66},"end":{"line":14,"column":72}}],"line":14}},"s":{"0":2,"1":0,"2":2,"3":0,"4":0,"5":0},"f":{"0":2,"1":0,"2":0,"3":0,"4":0},"b":{"0":[1,1]},"_coverageSchema":"1a1c01bbd47fc00a2c39e90264f33305004495a9","hash":"237d1c938323338ec49278b856c03b967003de07"}
,"/home/rahvin/repos/launchcode/flexpath-final-project/frontend/src/components/generic/ErrorBoundary.jsx": {"path":"/home/rahvin/repos/launchcode/flexpath-final-project/frontend/src/components/generic/ErrorBoundary.jsx","statementMap":{"0":{"start":{"line":5,"column":4},"end":{"line":5,"column":17}},"1":{"start":{"line":6,"column":4},"end":{"line":6,"column":50}},"2":{"start":{"line":9,"column":4},"end":{"line":12,"column":7}},"3":{"start":{"line":15,"column":4},"end":{"line":33,"column":5}},"4":{"start":{"line":16,"column":6},"end":{"line":32,"column":8}},"5":{"start":{"line":34,"column":4},"end":{"line":34,"column":31}}},"fnMap":{"0":{"name":"(anonymous_0)","decl":{"start":{"line":4,"column":2},"end":{"line":4,"column":3}},"loc":{"start":{"line":4,"column":21},"end":{"line":7,"column":3}},"line":4},"1":{"name":"(anonymous_1)","decl":{"start":{"line":8,"column":2},"end":{"line":8,"column":3}},"loc":{"start":{"line":8,"column":38},"end":{"line":13,"column":3}},"line":8},"2":{"name":"(anonymous_2)","decl":{"start":{"line":14,"column":2},"end":{"line":14,"column":3}},"loc":{"start":{"line":14,"column":11},"end":{"line":35,"column":3}},"line":14}},"branchMap":{"0":{"loc":{"start":{"line":15,"column":4},"end":{"line":33,"column":5}},"type":"if","locations":[{"start":{"line":15,"column":4},"end":{"line":33,"column":5}},{"start":{},"end":{}}],"line":15},"1":{"loc":{"start":{"line":27,"column":13},"end":{"line":27,"column":60}},"type":"binary-expr","locations":[{"start":{"line":27,"column":13},"end":{"line":27,"column":29}},{"start":{"line":27,"column":33},"end":{"line":27,"column":60}}],"line":27}},"s":{"0":0,"1":0,"2":0,"3":0,"4":0,"5":0},"f":{"0":0,"1":0,"2":0},"b":{"0":[0,0],"1":[0,0]}}
,"/home/rahvin/repos/launchcode/flexpath-final-project/frontend/src/components/generic/Home.jsx": {"path":"/home/rahvin/repos/launchcode/flexpath-final-project/frontend/src/components/generic/Home.jsx","statementMap":{"0":{"start":{"line":4,"column":2},"end":{"line":16,"column":4}}},"fnMap":{"0":{"name":"Home","decl":{"start":{"line":3,"column":24},"end":{"line":3,"column":28}},"loc":{"start":{"line":3,"column":31},"end":{"line":17,"column":1}},"line":3}},"branchMap":{},"s":{"0":0},"f":{"0":0},"b":{},"_coverageSchema":"1a1c01bbd47fc00a2c39e90264f33305004495a9","hash":"51bd707c70638ec53bca484bbb4e3e111e79f10b"}
,"/home/rahvin/repos/launchcode/flexpath-final-project/frontend/src/components/generic/Login.jsx": {"path":"/home/rahvin/repos/launchcode/flexpath-final-project/frontend/src/components/generic/Login.jsx","statementMap":{"0":{"start":{"line":6,"column":19},"end":{"line":6,"column":32}},"1":{"start":{"line":15,"column":6},"end":{"line":15,"column":29}},"2":{"start":{"line":17,"column":34},"end":{"line":17,"column":48}},"3":{"start":{"line":19,"column":25},"end":{"line":21,"column":3}},"4":{"start":{"line":20,"column":4},"end":{"line":20,"column":32}},"5":{"start":{"line":23,"column":25},"end":{"line":25,"column":3}},"6":{"start":{"line":24,"column":4},"end":{"line":24,"column":32}},"7":{"start":{"line":27,"column":23},"end":{"line":52,"column":3}},"8":{"start":{"line":28,"column":4},"end":{"line":28,"column":23}},"9":{"start":{"line":30,"column":20},"end":{"line":30,"column":75}},"10":{"start":{"line":31,"column":6},"end":{"line":49,"column":11}},"11":{"start":{"line":39,"column":28},"end":{"line":39,"column":43}},"12":{"start":{"line":41,"column":10},"end":{"line":41,"column":25}},"13":{"start":{"line":42,"column":10},"end":{"line":42,"column":30}},"14":{"start":{"line":43,"column":10},"end":{"line":43,"column":32}},"15":{"start":{"line":44,"column":10},"end":{"line":44,"column":31}},"16":{"start":{"line":47,"column":10},"end":{"line":47,"column":48}},"17":{"start":{"line":48,"column":10},"end":{"line":48,"column":31}},"18":{"start":{"line":51,"column":4},"end":{"line":51,"column":30}},"19":{"start":{"line":54,"column":2},"end":{"line":60,"column":14}},"20":{"start":{"line":55,"column":4},"end":{"line":59,"column":5}},"21":{"start":{"line":56,"column":6},"end":{"line":56,"column":43}},"22":{"start":{"line":58,"column":6},"end":{"line":58,"column":39}},"23":{"start":{"line":62,"column":2},"end":{"line":110,"column":4}},"24":{"start":{"line":64,"column":29},"end":{"line":64,"column":44}},"25":{"start":{"line":74,"column":29},"end":{"line":74,"column":46}},"26":{"start":{"line":87,"column":29},"end":{"line":87,"column":46}}},"fnMap":{"0":{"name":"Login","decl":{"start":{"line":5,"column":24},"end":{"line":5,"column":29}},"loc":{"start":{"line":5,"column":32},"end":{"line":111,"column":1}},"line":5},"1":{"name":"(anonymous_1)","decl":{"start":{"line":19,"column":25},"end":{"line":19,"column":26}},"loc":{"start":{"line":19,"column":32},"end":{"line":21,"column":3}},"line":19},"2":{"name":"(anonymous_2)","decl":{"start":{"line":23,"column":25},"end":{"line":23,"column":26}},"loc":{"start":{"line":23,"column":32},"end":{"line":25,"column":3}},"line":23},"3":{"name":"(anonymous_3)","decl":{"start":{"line":27,"column":23},"end":{"line":27,"column":24}},"loc":{"start":{"line":27,"column":30},"end":{"line":52,"column":3}},"line":27},"4":{"name":"login","decl":{"start":{"line":29,"column":19},"end":{"line":29,"column":24}},"loc":{"start":{"line":29,"column":45},"end":{"line":50,"column":5}},"line":29},"5":{"name":"(anonymous_5)","decl":{"start":{"line":39,"column":14},"end":{"line":39,"column":15}},"loc":{"start":{"line":39,"column":28},"end":{"line":39,"column":43}},"line":39},"6":{"name":"(anonymous_6)","decl":{"start":{"line":40,"column":14},"end":{"line":40,"column":15}},"loc":{"start":{"line":40,"column":24},"end":{"line":45,"column":9}},"line":40},"7":{"name":"(anonymous_7)","decl":{"start":{"line":46,"column":15},"end":{"line":46,"column":16}},"loc":{"start":{"line":46,"column":26},"end":{"line":49,"column":9}},"line":46},"8":{"name":"(anonymous_8)","decl":{"start":{"line":54,"column":12},"end":{"line":54,"column":13}},"loc":{"start":{"line":54,"column":18},"end":{"line":60,"column":3}},"line":54},"9":{"name":"(anonymous_9)","decl":{"start":{"line":64,"column":22},"end":{"line":64,"column":23}},"loc":{"start":{"line":64,"column":29},"end":{"line":64,"column":44}},"line":64},"10":{"name":"(anonymous_10)","decl":{"start":{"line":74,"column":22},"end":{"line":74,"column":23}},"loc":{"start":{"line":74,"column":29},"end":{"line":74,"column":46}},"line":74},"11":{"name":"(anonymous_11)","decl":{"start":{"line":87,"column":22},"end":{"line":87,"column":23}},"loc":{"start":{"line":87,"column":29},"end":{"line":87,"column":46}},"line":87}},"branchMap":{"0":{"loc":{"start":{"line":55,"column":4},"end":{"line":59,"column":5}},"type":"if","locations":[{"start":{"line":55,"column":4},"end":{"line":59,"column":5}},{"start":{"line":57,"column":11},"end":{"line":59,"column":5}}],"line":55},"1":{"loc":{"start":{"line":66,"column":32},"end":{"line":66,"column":62}},"type":"cond-expr","locations":[{"start":{"line":66,"column":46},"end":{"line":66,"column":53}},{"start":{"line":66,"column":56},"end":{"line":66,"column":62}}],"line":66}},"s":{"0":3,"1":3,"2":3,"3":3,"4":0,"5":3,"6":0,"7":3,"8":1,"9":1,"10":1,"11":1,"12":1,"13":1,"14":1,"15":1,"16":0,"17":0,"18":1,"19":3,"20":3,"21":1,"22":2,"23":3,"24":1,"25":0,"26":0},"f":{"0":3,"1":0,"2":0,"3":1,"4":1,"5":1,"6":1,"7":0,"8":3,"9":1,"10":0,"11":0},"b":{"0":[1,2],"1":[0,3]},"_coverageSchema":"1a1c01bbd47fc00a2c39e90264f33305004495a9","hash":"26d1c18ed96f658d6250e31523891eb4889f83f8"}
,"/home/rahvin/repos/launchcode/flexpath-final-project/frontend/src/components/generic/MyRoutes.jsx": {"path":"/home/rahvin/repos/launchcode/flexpath-final-project/frontend/src/components/generic/MyRoutes.jsx","statementMap":{"0":{"start":{"line":22,"column":2},"end":{"line":51,"column":4}}},"fnMap":{"0":{"name":"MyRoutes","decl":{"start":{"line":12,"column":24},"end":{"line":12,"column":32}},"loc":{"start":{"line":21,"column":3},"end":{"line":52,"column":1}},"line":21}},"branchMap":{},"s":{"0":6},"f":{"0":6},"b":{},"_coverageSchema":"1a1c01bbd47fc00a2c39e90264f33305004495a9","hash":"e7d4a486f5d9084e3bb3bdba0c0e3d88ce63351f"}
,"/home/rahvin/repos/launchcode/flexpath-final-project/frontend/src/components/generic/NotFound.jsx": {"path":"/home/rahvin/repos/launchcode/flexpath-final-project/frontend/src/components/generic/NotFound.jsx","statementMap":{"0":{"start":{"line":6,"column":19},"end":{"line":6,"column":32}},"1":{"start":{"line":7,"column":2},"end":{"line":11,"column":4}}},"fnMap":{"0":{"name":"NotFound","decl":{"start":{"line":5,"column":24},"end":{"line":5,"column":32}},"loc":{"start":{"line":5,"column":35},"end":{"line":12,"column":1}},"line":5}},"branchMap":{},"s":{"0":1,"1":1},"f":{"0":1},"b":{},"_coverageSchema":"1a1c01bbd47fc00a2c39e90264f33305004495a9","hash":"ce55912e33c814ca54cc5246ad89b6a40c6a6baa"}
,"/home/rahvin/repos/launchcode/flexpath-final-project/frontend/src/components/generic/Signup.jsx": {"path":"/home/rahvin/repos/launchcode/flexpath-final-project/frontend/src/components/generic/Signup.jsx","statementMap":{"0":{"start":{"line":6,"column":34},"end":{"line":6,"column":48}},"1":{"start":{"line":7,"column":34},"end":{"line":7,"column":48}},"2":{"start":{"line":8,"column":19},"end":{"line":8,"column":32}},"3":{"start":{"line":10,"column":25},"end":{"line":12,"column":3}},"4":{"start":{"line":11,"column":4},"end":{"line":11,"column":32}},"5":{"start":{"line":14,"column":25},"end":{"line":16,"column":3}},"6":{"start":{"line":15,"column":4},"end":{"line":15,"column":32}},"7":{"start":{"line":18,"column":23},"end":{"line":36,"column":3}},"8":{"start":{"line":19,"column":4},"end":{"line":19,"column":23}},"9":{"start":{"line":21,"column":19},"end":{"line":21,"column":82}},"10":{"start":{"line":22,"column":6},"end":{"line":33,"column":48}},"11":{"start":{"line":31,"column":10},"end":{"line":31,"column":59}},"12":{"start":{"line":33,"column":26},"end":{"line":33,"column":46}},"13":{"start":{"line":35,"column":4},"end":{"line":35,"column":33}},"14":{"start":{"line":38,"column":2},"end":{"line":79,"column":4}},"15":{"start":{"line":42,"column":31},"end":{"line":42,"column":46}},"16":{"start":{"line":49,"column":31},"end":{"line":49,"column":48}},"17":{"start":{"line":62,"column":31},"end":{"line":62,"column":48}}},"fnMap":{"0":{"name":"SignUp","decl":{"start":{"line":5,"column":24},"end":{"line":5,"column":30}},"loc":{"start":{"line":5,"column":33},"end":{"line":80,"column":1}},"line":5},"1":{"name":"(anonymous_1)","decl":{"start":{"line":10,"column":25},"end":{"line":10,"column":26}},"loc":{"start":{"line":10,"column":32},"end":{"line":12,"column":3}},"line":10},"2":{"name":"(anonymous_2)","decl":{"start":{"line":14,"column":25},"end":{"line":14,"column":26}},"loc":{"start":{"line":14,"column":32},"end":{"line":16,"column":3}},"line":14},"3":{"name":"(anonymous_3)","decl":{"start":{"line":18,"column":23},"end":{"line":18,"column":24}},"loc":{"start":{"line":18,"column":30},"end":{"line":36,"column":3}},"line":18},"4":{"name":"postUser","decl":{"start":{"line":20,"column":19},"end":{"line":20,"column":27}},"loc":{"start":{"line":20,"column":48},"end":{"line":34,"column":5}},"line":20},"5":{"name":"(anonymous_5)","decl":{"start":{"line":30,"column":14},"end":{"line":30,"column":15}},"loc":{"start":{"line":30,"column":28},"end":{"line":32,"column":9}},"line":30},"6":{"name":"(anonymous_6)","decl":{"start":{"line":33,"column":15},"end":{"line":33,"column":16}},"loc":{"start":{"line":33,"column":26},"end":{"line":33,"column":46}},"line":33},"7":{"name":"(anonymous_7)","decl":{"start":{"line":42,"column":24},"end":{"line":42,"column":25}},"loc":{"start":{"line":42,"column":31},"end":{"line":42,"column":46}},"line":42},"8":{"name":"(anonymous_8)","decl":{"start":{"line":49,"column":24},"end":{"line":49,"column":25}},"loc":{"start":{"line":49,"column":31},"end":{"line":49,"column":48}},"line":49},"9":{"name":"(anonymous_9)","decl":{"start":{"line":62,"column":24},"end":{"line":62,"column":25}},"loc":{"start":{"line":62,"column":31},"end":{"line":62,"column":48}},"line":62}},"branchMap":{"0":{"loc":{"start":{"line":31,"column":10},"end":{"line":31,"column":58}},"type":"cond-expr","locations":[{"start":{"line":31,"column":24},"end":{"line":31,"column":37}},{"start":{"line":31,"column":40},"end":{"line":31,"column":58}}],"line":31}},"s":{"0":3,"1":3,"2":3,"3":3,"4":0,"5":3,"6":0,"7":3,"8":1,"9":1,"10":1,"11":1,"12":0,"13":1,"14":3,"15":1,"16":0,"17":0},"f":{"0":3,"1":0,"2":0,"3":1,"4":1,"5":1,"6":0,"7":1,"8":0,"9":0},"b":{"0":[0,1]},"_coverageSchema":"1a1c01bbd47fc00a2c39e90264f33305004495a9","hash":"1c244972c2832d1cf502429d817ae48e9e064087"}
,"/home/rahvin/repos/launchcode/flexpath-final-project/frontend/src/components/search/KeyWordSearch.jsx": {"path":"/home/rahvin/repos/launchcode/flexpath-final-project/frontend/src/components/search/KeyWordSearch.jsx","statementMap":{"0":{"start":{"line":13,"column":32},"end":{"line":13,"column":46}},"1":{"start":{"line":14,"column":26},"end":{"line":14,"column":40}},"2":{"start":{"line":15,"column":38},"end":{"line":15,"column":52}},"3":{"start":{"line":17,"column":24},"end":{"line":19,"column":3}},"4":{"start":{"line":18,"column":4},"end":{"line":18,"column":31}},"5":{"start":{"line":20,"column":23},"end":{"line":39,"column":3}},"6":{"start":{"line":21,"column":4},"end":{"line":21,"column":23}},"7":{"start":{"line":22,"column":4},"end":{"line":22,"column":21}},"8":{"start":{"line":23,"column":4},"end":{"line":23,"column":25}},"9":{"start":{"line":25,"column":6},"end":{"line":36,"column":66}},"10":{"start":{"line":27,"column":10},"end":{"line":32,"column":11}},"11":{"start":{"line":28,"column":12},"end":{"line":28,"column":35}},"12":{"start":{"line":30,"column":12},"end":{"line":30,"column":32}},"13":{"start":{"line":31,"column":12},"end":{"line":31,"column":35}},"14":{"start":{"line":34,"column":24},"end":{"line":34,"column":37}},"15":{"start":{"line":35,"column":23},"end":{"line":35,"column":40}},"16":{"start":{"line":36,"column":22},"end":{"line":36,"column":64}},"17":{"start":{"line":38,"column":4},"end":{"line":38,"column":23}},"18":{"start":{"line":41,"column":2},"end":{"line":74,"column":4}},"19":{"start":{"line":49,"column":31},"end":{"line":49,"column":46}},"20":{"start":{"line":55,"column":29},"end":{"line":55,"column":45}}},"fnMap":{"0":{"name":"KeyWordSearch","decl":{"start":{"line":7,"column":24},"end":{"line":7,"column":37}},"loc":{"start":{"line":12,"column":3},"end":{"line":75,"column":1}},"line":12},"1":{"name":"(anonymous_1)","decl":{"start":{"line":17,"column":24},"end":{"line":17,"column":25}},"loc":{"start":{"line":17,"column":31},"end":{"line":19,"column":3}},"line":17},"2":{"name":"(anonymous_2)","decl":{"start":{"line":20,"column":23},"end":{"line":20,"column":24}},"loc":{"start":{"line":20,"column":30},"end":{"line":39,"column":3}},"line":20},"3":{"name":"fetchData","decl":{"start":{"line":24,"column":19},"end":{"line":24,"column":28}},"loc":{"start":{"line":24,"column":38},"end":{"line":37,"column":5}},"line":24},"4":{"name":"(anonymous_4)","decl":{"start":{"line":26,"column":14},"end":{"line":26,"column":15}},"loc":{"start":{"line":26,"column":28},"end":{"line":33,"column":9}},"line":26},"5":{"name":"(anonymous_5)","decl":{"start":{"line":34,"column":14},"end":{"line":34,"column":15}},"loc":{"start":{"line":34,"column":24},"end":{"line":34,"column":37}},"line":34},"6":{"name":"(anonymous_6)","decl":{"start":{"line":35,"column":17},"end":{"line":35,"column":18}},"loc":{"start":{"line":35,"column":23},"end":{"line":35,"column":40}},"line":35},"7":{"name":"(anonymous_7)","decl":{"start":{"line":36,"column":15},"end":{"line":36,"column":16}},"loc":{"start":{"line":36,"column":22},"end":{"line":36,"column":64}},"line":36},"8":{"name":"(anonymous_8)","decl":{"start":{"line":49,"column":24},"end":{"line":49,"column":25}},"loc":{"start":{"line":49,"column":31},"end":{"line":49,"column":46}},"line":49},"9":{"name":"(anonymous_9)","decl":{"start":{"line":55,"column":22},"end":{"line":55,"column":23}},"loc":{"start":{"line":55,"column":29},"end":{"line":55,"column":45}},"line":55}},"branchMap":{"0":{"loc":{"start":{"line":27,"column":10},"end":{"line":32,"column":11}},"type":"if","locations":[{"start":{"line":27,"column":10},"end":{"line":32,"column":11}},{"start":{"line":29,"column":17},"end":{"line":32,"column":11}}],"line":27}},"s":{"0":4,"1":4,"2":4,"3":4,"4":1,"5":4,"6":1,"7":1,"8":1,"9":1,"10":1,"11":1,"12":0,"13":0,"14":1,"15":1,"16":0,"17":1,"18":4,"19":1,"20":1},"f":{"0":4,"1":1,"2":1,"3":1,"4":1,"5":1,"6":1,"7":0,"8":1,"9":1},"b":{"0":[1,0]},"_coverageSchema":"1a1c01bbd47fc00a2c39e90264f33305004495a9","hash":"21821caf292c1f78d51cc72dbb5bfbedf519887d"}
,"/home/rahvin/repos/launchcode/flexpath-final-project/frontend/src/components/search/LocationSearch.jsx": {"path":"/home/rahvin/repos/launchcode/flexpath-final-project/frontend/src/components/search/LocationSearch.jsx","statementMap":{"0":{"start":{"line":15,"column":36},"end":{"line":15,"column":56}},"1":{"start":{"line":16,"column":32},"end":{"line":16,"column":42}},"2":{"start":{"line":17,"column":30},"end":{"line":17,"column":43}},"3":{"start":{"line":18,"column":42},"end":{"line":20,"column":3}},"4":{"start":{"line":21,"column":26},"end":{"line":21,"column":40}},"5":{"start":{"line":22,"column":38},"end":{"line":22,"column":52}},"6":{"start":{"line":23,"column":18},"end":{"line":23,"column":46}},"7":{"start":{"line":33,"column":25},"end":{"line":33,"column":48}},"8":{"start":{"line":34,"column":32},"end":{"line":34,"column":42}},"9":{"start":{"line":36,"column":21},"end":{"line":42,"column":3}},"10":{"start":{"line":37,"column":33},"end":{"line":37,"column":38}},"11":{"start":{"line":38,"column":16},"end":{"line":38,"column":75}},"12":{"start":{"line":39,"column":14},"end":{"line":39,"column":71}},"13":{"start":{"line":40,"column":4},"end":{"line":40,"column":24}},"14":{"start":{"line":41,"column":4},"end":{"line":41,"column":20}},"15":{"start":{"line":44,"column":24},"end":{"line":63,"column":3}},"16":{"start":{"line":45,"column":4},"end":{"line":45,"column":31}},"17":{"start":{"line":48,"column":6},"end":{"line":57,"column":58}},"18":{"start":{"line":52,"column":10},"end":{"line":52,"column":33}},"19":{"start":{"line":55,"column":10},"end":{"line":55,"column":59}},"20":{"start":{"line":57,"column":22},"end":{"line":57,"column":56}},"21":{"start":{"line":60,"column":4},"end":{"line":62,"column":12}},"22":{"start":{"line":61,"column":6},"end":{"line":61,"column":17}},"23":{"start":{"line":65,"column":23},"end":{"line":67,"column":3}},"24":{"start":{"line":66,"column":4},"end":{"line":66,"column":30}},"25":{"start":{"line":69,"column":23},"end":{"line":107,"column":3}},"26":{"start":{"line":70,"column":4},"end":{"line":70,"column":23}},"27":{"start":{"line":72,"column":22},"end":{"line":75,"column":44}},"28":{"start":{"line":77,"column":4},"end":{"line":77,"column":61}},"29":{"start":{"line":80,"column":6},"end":{"line":80,"column":23}},"30":{"start":{"line":81,"column":6},"end":{"line":81,"column":27}},"31":{"start":{"line":82,"column":6},"end":{"line":102,"column":69}},"32":{"start":{"line":91,"column":10},"end":{"line":96,"column":11}},"33":{"start":{"line":92,"column":12},"end":{"line":92,"column":35}},"34":{"start":{"line":94,"column":12},"end":{"line":94,"column":32}},"35":{"start":{"line":95,"column":12},"end":{"line":95,"column":35}},"36":{"start":{"line":99,"column":10},"end":{"line":99,"column":24}},"37":{"start":{"line":100,"column":10},"end":{"line":100,"column":28}},"38":{"start":{"line":102,"column":26},"end":{"line":102,"column":67}},"39":{"start":{"line":104,"column":4},"end":{"line":104,"column":25}},"40":{"start":{"line":105,"column":4},"end":{"line":105,"column":45}},"41":{"start":{"line":106,"column":4},"end":{"line":106,"column":35}},"42":{"start":{"line":109,"column":2},"end":{"line":109,"column":33}},"43":{"start":{"line":110,"column":2},"end":{"line":110,"column":48}},"44":{"start":{"line":111,"column":2},"end":{"line":111,"column":58}},"45":{"start":{"line":113,"column":2},"end":{"line":179,"column":4}},"46":{"start":{"line":129,"column":31},"end":{"line":129,"column":46}},"47":{"start":{"line":135,"column":29},"end":{"line":135,"column":45}},"48":{"start":{"line":142,"column":29},"end":{"line":142,"column":44}}},"fnMap":{"0":{"name":"LocationSearch","decl":{"start":{"line":9,"column":24},"end":{"line":9,"column":38}},"loc":{"start":{"line":14,"column":3},"end":{"line":180,"column":1}},"line":14},"1":{"name":"(anonymous_1)","decl":{"start":{"line":36,"column":21},"end":{"line":36,"column":22}},"loc":{"start":{"line":36,"column":32},"end":{"line":42,"column":3}},"line":36},"2":{"name":"(anonymous_2)","decl":{"start":{"line":44,"column":24},"end":{"line":44,"column":25}},"loc":{"start":{"line":44,"column":31},"end":{"line":63,"column":3}},"line":44},"3":{"name":"fetchGPS","decl":{"start":{"line":47,"column":19},"end":{"line":47,"column":27}},"loc":{"start":{"line":47,"column":30},"end":{"line":58,"column":5}},"line":47},"4":{"name":"(anonymous_4)","decl":{"start":{"line":51,"column":14},"end":{"line":51,"column":15}},"loc":{"start":{"line":51,"column":28},"end":{"line":53,"column":9}},"line":51},"5":{"name":"(anonymous_5)","decl":{"start":{"line":54,"column":14},"end":{"line":54,"column":15}},"loc":{"start":{"line":54,"column":24},"end":{"line":56,"column":9}},"line":54},"6":{"name":"(anonymous_6)","decl":{"start":{"line":57,"column":15},"end":{"line":57,"column":16}},"loc":{"start":{"line":57,"column":22},"end":{"line":57,"column":56}},"line":57},"7":{"name":"(anonymous_7)","decl":{"start":{"line":60,"column":15},"end":{"line":60,"column":16}},"loc":{"start":{"line":60,"column":21},"end":{"line":62,"column":5}},"line":60},"8":{"name":"(anonymous_8)","decl":{"start":{"line":65,"column":23},"end":{"line":65,"column":24}},"loc":{"start":{"line":65,"column":30},"end":{"line":67,"column":3}},"line":65},"9":{"name":"(anonymous_9)","decl":{"start":{"line":69,"column":23},"end":{"line":69,"column":24}},"loc":{"start":{"line":69,"column":30},"end":{"line":107,"column":3}},"line":69},"10":{"name":"fetchData","decl":{"start":{"line":79,"column":19},"end":{"line":79,"column":28}},"loc":{"start":{"line":79,"column":35},"end":{"line":103,"column":5}},"line":79},"11":{"name":"(anonymous_11)","decl":{"start":{"line":90,"column":14},"end":{"line":90,"column":15}},"loc":{"start":{"line":90,"column":28},"end":{"line":97,"column":9}},"line":90},"12":{"name":"(anonymous_12)","decl":{"start":{"line":98,"column":14},"end":{"line":98,"column":15}},"loc":{"start":{"line":98,"column":24},"end":{"line":101,"column":9}},"line":98},"13":{"name":"(anonymous_13)","decl":{"start":{"line":102,"column":15},"end":{"line":102,"column":16}},"loc":{"start":{"line":102,"column":26},"end":{"line":102,"column":67}},"line":102},"14":{"name":"(anonymous_14)","decl":{"start":{"line":129,"column":24},"end":{"line":129,"column":25}},"loc":{"start":{"line":129,"column":31},"end":{"line":129,"column":46}},"line":129},"15":{"name":"(anonymous_15)","decl":{"start":{"line":135,"column":22},"end":{"line":135,"column":23}},"loc":{"start":{"line":135,"column":29},"end":{"line":135,"column":45}},"line":135},"16":{"name":"(anonymous_16)","decl":{"start":{"line":142,"column":22},"end":{"line":142,"column":23}},"loc":{"start":{"line":142,"column":29},"end":{"line":142,"column":44}},"line":142}},"branchMap":{"0":{"loc":{"start":{"line":91,"column":10},"end":{"line":96,"column":11}},"type":"if","locations":[{"start":{"line":91,"column":10},"end":{"line":96,"column":11}},{"start":{"line":93,"column":17},"end":{"line":96,"column":11}}],"line":91},"1":{"loc":{"start":{"line":161,"column":9},"end":{"line":176,"column":9}},"type":"cond-expr","locations":[{"start":{"line":162,"column":10},"end":{"line":168,"column":12}},{"start":{"line":170,"column":10},"end":{"line":175,"column":12}}],"line":161}},"s":{"0":0,"1":0,"2":0,"3":0,"4":0,"5":0,"6":0,"7":0,"8":0,"9":0,"10":0,"11":0,"12":0,"13":0,"14":0,"15":0,"16":0,"17":0,"18":0,"19":0,"20":0,"21":0,"22":0,"23":0,"24":0,"25":0,"26":0,"27":0,"28":0,"29":0,"30":0,"31":0,"32":0,"33":0,"34":0,"35":0,"36":0,"37":0,"38":0,"39":0,"40":0,"41":0,"42":0,"43":0,"44":0,"45":0,"46":0,"47":0,"48":0},"f":{"0":0,"1":0,"2":0,"3":0,"4":0,"5":0,"6":0,"7":0,"8":0,"9":0,"10":0,"11":0,"12":0,"13":0,"14":0,"15":0,"16":0},"b":{"0":[0,0],"1":[0,0]}}
,"/home/rahvin/repos/launchcode/flexpath-final-project/frontend/src/components/search/Search.jsx": {"path":"/home/rahvin/repos/launchcode/flexpath-final-project/frontend/src/components/search/Search.jsx","statementMap":{"0":{"start":{"line":7,"column":2},"end":{"line":7,"column":47}},"1":{"start":{"line":8,"column":2},"end":{"line":30,"column":4}}},"fnMap":{"0":{"name":"Search","decl":{"start":{"line":6,"column":24},"end":{"line":6,"column":30}},"loc":{"start":{"line":6,"column":110},"end":{"line":31,"column":1}},"line":6}},"branchMap":{"0":{"loc":{"start":{"line":12,"column":26},"end":{"line":12,"column":70}},"type":"cond-expr","locations":[{"start":{"line":12,"column":54},"end":{"line":12,"column":61}},{"start":{"line":12,"column":64},"end":{"line":12,"column":70}}],"line":12},"1":{"loc":{"start":{"line":18,"column":26},"end":{"line":18,"column":66}},"type":"cond-expr","locations":[{"start":{"line":18,"column":50},"end":{"line":18,"column":57}},{"start":{"line":18,"column":60},"end":{"line":18,"column":66}}],"line":18},"2":{"loc":{"start":{"line":25,"column":26},"end":{"line":25,"column":69}},"type":"cond-expr","locations":[{"start":{"line":25,"column":53},"end":{"line":25,"column":60}},{"start":{"line":25,"column":63},"end":{"line":25,"column":69}}],"line":25}},"s":{"0":1,"1":1},"f":{"0":1},"b":{"0":[1,0],"1":[0,1],"2":[0,1]},"_coverageSchema":"1a1c01bbd47fc00a2c39e90264f33305004495a9","hash":"251726d38d7464e21c56c725781e935a91ceca1a"}
,"/home/rahvin/repos/launchcode/flexpath-final-project/frontend/src/components/search/UserSearch.jsx": {"path":"/home/rahvin/repos/launchcode/flexpath-final-project/frontend/src/components/search/UserSearch.jsx","statementMap":{"0":{"start":{"line":13,"column":34},"end":{"line":13,"column":50}},"1":{"start":{"line":14,"column":38},"end":{"line":14,"column":50}},"2":{"start":{"line":15,"column":26},"end":{"line":15,"column":40}},"3":{"start":{"line":16,"column":38},"end":{"line":16,"column":52}},"4":{"start":{"line":18,"column":32},"end":{"line":18,"column":55}},"5":{"start":{"line":20,"column":24},"end":{"line":22,"column":3}},"6":{"start":{"line":21,"column":4},"end":{"line":21,"column":32}},"7":{"start":{"line":23,"column":2},"end":{"line":25,"column":29}},"8":{"start":{"line":24,"column":4},"end":{"line":24,"column":18}},"9":{"start":{"line":27,"column":22},"end":{"line":27,"column":24}},"10":{"start":{"line":29,"column":2},"end":{"line":34,"column":3}},"11":{"start":{"line":30,"column":4},"end":{"line":33,"column":27}},"12":{"start":{"line":36,"column":23},"end":{"line":82,"column":3}},"13":{"start":{"line":37,"column":4},"end":{"line":37,"column":21}},"14":{"start":{"line":38,"column":4},"end":{"line":38,"column":25}},"15":{"start":{"line":39,"column":4},"end":{"line":39,"column":23}},"16":{"start":{"line":42,"column":4},"end":{"line":53,"column":5}},"17":{"start":{"line":43,"column":6},"end":{"line":43,"column":67}},"18":{"start":{"line":44,"column":6},"end":{"line":44,"column":71}},"19":{"start":{"line":45,"column":11},"end":{"line":53,"column":5}},"20":{"start":{"line":46,"column":6},"end":{"line":48,"column":47}},"21":{"start":{"line":49,"column":11},"end":{"line":53,"column":5}},"22":{"start":{"line":50,"column":6},"end":{"line":52,"column":46}},"23":{"start":{"line":55,"column":4},"end":{"line":57,"column":5}},"24":{"start":{"line":56,"column":6},"end":{"line":56,"column":45}},"25":{"start":{"line":59,"column":6},"end":{"line":79,"column":11}},"26":{"start":{"line":66,"column":10},"end":{"line":71,"column":11}},"27":{"start":{"line":67,"column":12},"end":{"line":67,"column":35}},"28":{"start":{"line":69,"column":12},"end":{"line":69,"column":32}},"29":{"start":{"line":70,"column":12},"end":{"line":70,"column":35}},"30":{"start":{"line":74,"column":10},"end":{"line":74,"column":24}},"31":{"start":{"line":75,"column":10},"end":{"line":75,"column":28}},"32":{"start":{"line":78,"column":10},"end":{"line":78,"column":28}},"33":{"start":{"line":81,"column":4},"end":{"line":81,"column":24}},"34":{"start":{"line":84,"column":2},"end":{"line":168,"column":4}},"35":{"start":{"line":88,"column":31},"end":{"line":88,"column":46}},"36":{"start":{"line":98,"column":29},"end":{"line":98,"column":45}},"37":{"start":{"line":125,"column":29},"end":{"line":125,"column":53}},"38":{"start":{"line":133,"column":29},"end":{"line":133,"column":55}},"39":{"start":{"line":141,"column":29},"end":{"line":141,"column":54}}},"fnMap":{"0":{"name":"UserSearch","decl":{"start":{"line":7,"column":24},"end":{"line":7,"column":34}},"loc":{"start":{"line":12,"column":3},"end":{"line":169,"column":1}},"line":12},"1":{"name":"(anonymous_1)","decl":{"start":{"line":20,"column":24},"end":{"line":20,"column":25}},"loc":{"start":{"line":20,"column":31},"end":{"line":22,"column":3}},"line":20},"2":{"name":"(anonymous_2)","decl":{"start":{"line":23,"column":12},"end":{"line":23,"column":13}},"loc":{"start":{"line":23,"column":18},"end":{"line":25,"column":3}},"line":23},"3":{"name":"(anonymous_3)","decl":{"start":{"line":36,"column":23},"end":{"line":36,"column":24}},"loc":{"start":{"line":36,"column":30},"end":{"line":82,"column":3}},"line":36},"4":{"name":"fetchData","decl":{"start":{"line":58,"column":19},"end":{"line":58,"column":28}},"loc":{"start":{"line":58,"column":39},"end":{"line":80,"column":5}},"line":58},"5":{"name":"(anonymous_5)","decl":{"start":{"line":65,"column":14},"end":{"line":65,"column":15}},"loc":{"start":{"line":65,"column":28},"end":{"line":72,"column":9}},"line":65},"6":{"name":"(anonymous_6)","decl":{"start":{"line":73,"column":14},"end":{"line":73,"column":15}},"loc":{"start":{"line":73,"column":24},"end":{"line":76,"column":9}},"line":73},"7":{"name":"(anonymous_7)","decl":{"start":{"line":77,"column":15},"end":{"line":77,"column":16}},"loc":{"start":{"line":77,"column":26},"end":{"line":79,"column":9}},"line":77},"8":{"name":"(anonymous_8)","decl":{"start":{"line":88,"column":24},"end":{"line":88,"column":25}},"loc":{"start":{"line":88,"column":31},"end":{"line":88,"column":46}},"line":88},"9":{"name":"(anonymous_9)","decl":{"start":{"line":98,"column":22},"end":{"line":98,"column":23}},"loc":{"start":{"line":98,"column":29},"end":{"line":98,"column":45}},"line":98},"10":{"name":"(anonymous_10)","decl":{"start":{"line":125,"column":23},"end":{"line":125,"column":24}},"loc":{"start":{"line":125,"column":29},"end":{"line":125,"column":53}},"line":125},"11":{"name":"(anonymous_11)","decl":{"start":{"line":133,"column":23},"end":{"line":133,"column":24}},"loc":{"start":{"line":133,"column":29},"end":{"line":133,"column":55}},"line":133},"12":{"name":"(anonymous_12)","decl":{"start":{"line":141,"column":23},"end":{"line":141,"column":24}},"loc":{"start":{"line":141,"column":29},"end":{"line":141,"column":54}},"line":141}},"branchMap":{"0":{"loc":{"start":{"line":29,"column":2},"end":{"line":34,"column":3}},"type":"if","locations":[{"start":{"line":29,"column":2},"end":{"line":34,"column":3}},{"start":{},"end":{}}],"line":29},"1":{"loc":{"start":{"line":42,"column":4},"end":{"line":53,"column":5}},"type":"if","locations":[{"start":{"line":42,"column":4},"end":{"line":53,"column":5}},{"start":{"line":45,"column":11},"end":{"line":53,"column":5}}],"line":42},"2":{"loc":{"start":{"line":45,"column":11},"end":{"line":53,"column":5}},"type":"if","locations":[{"start":{"line":45,"column":11},"end":{"line":53,"column":5}},{"start":{"line":49,"column":11},"end":{"line":53,"column":5}}],"line":45},"3":{"loc":{"start":{"line":46,"column":6},"end":{"line":48,"column":46}},"type":"cond-expr","locations":[{"start":{"line":47,"column":11},"end":{"line":47,"column":91}},{"start":{"line":48,"column":10},"end":{"line":48,"column":46}}],"line":46},"4":{"loc":{"start":{"line":49,"column":11},"end":{"line":53,"column":5}},"type":"if","locations":[{"start":{"line":49,"column":11},"end":{"line":53,"column":5}},{"start":{},"end":{}}],"line":49},"5":{"loc":{"start":{"line":50,"column":6},"end":{"line":52,"column":45}},"type":"cond-expr","locations":[{"start":{"line":51,"column":11},"end":{"line":51,"column":89}},{"start":{"line":52,"column":10},"end":{"line":52,"column":45}}],"line":50},"6":{"loc":{"start":{"line":55,"column":4},"end":{"line":57,"column":5}},"type":"if","locations":[{"start":{"line":55,"column":4},"end":{"line":57,"column":5}},{"start":{},"end":{}}],"line":55},"7":{"loc":{"start":{"line":66,"column":10},"end":{"line":71,"column":11}},"type":"if","locations":[{"start":{"line":66,"column":10},"end":{"line":71,"column":11}},{"start":{"line":68,"column":17},"end":{"line":71,"column":11}}],"line":66},"8":{"loc":{"start":{"line":116,"column":11},"end":{"line":116,"column":58}},"type":"cond-expr","locations":[{"start":{"line":116,"column":24},"end":{"line":116,"column":34}},{"start":{"line":116,"column":37},"end":{"line":116,"column":58}}],"line":116},"9":{"loc":{"start":{"line":150,"column":9},"end":{"line":165,"column":9}},"type":"cond-expr","locations":[{"start":{"line":151,"column":10},"end":{"line":157,"column":12}},{"start":{"line":159,"column":10},"end":{"line":164,"column":12}}],"line":150}},"s":{"0":2,"1":2,"2":2,"3":2,"4":2,"5":2,"6":0,"7":2,"8":2,"9":2,"10":2,"11":2,"12":2,"13":0,"14":0,"15":0,"16":0,"17":0,"18":0,"19":0,"20":0,"21":0,"22":0,"23":0,"24":0,"25":0,"26":0,"27":0,"28":0,"29":0,"30":0,"31":0,"32":0,"33":0,"34":2,"35":0,"36":0,"37":0,"38":0,"39":0},"f":{"0":2,"1":0,"2":2,"3":0,"4":0,"5":0,"6":0,"7":0,"8":0,"9":0,"10":0,"11":0,"12":0},"b":{"0":[2,0],"1":[0,0],"2":[0,0],"3":[0,0],"4":[0,0],"5":[0,0],"6":[0,0],"7":[0,0],"8":[0,2],"9":[1,1]},"_coverageSchema":"1a1c01bbd47fc00a2c39e90264f33305004495a9","hash":"40e7ad52998789b7b525a92cb71a8ff11a895f0f"}
,"/home/rahvin/repos/launchcode/flexpath-final-project/frontend/src/components/userPages/CreateSing.jsx": {"path":"/home/rahvin/repos/launchcode/flexpath-final-project/frontend/src/components/userPages/CreateSing.jsx","statementMap":{"0":{"start":{"line":15,"column":6},"end":{"line":15,"column":29}},"1":{"start":{"line":17,"column":19},"end":{"line":17,"column":32}},"2":{"start":{"line":18,"column":17},"end":{"line":18,"column":32}},"3":{"start":{"line":19,"column":20},"end":{"line":19,"column":30}},"4":{"start":{"line":20,"column":19},"end":{"line":20,"column":36}},"5":{"start":{"line":22,"column":2},"end":{"line":22,"column":47}},"6":{"start":{"line":23,"column":2},"end":{"line":23,"column":48}},"7":{"start":{"line":27,"column":21},"end":{"line":32,"column":3}},"8":{"start":{"line":28,"column":19},"end":{"line":28,"column":30}},"9":{"start":{"line":29,"column":4},"end":{"line":29,"column":25}},"10":{"start":{"line":30,"column":4},"end":{"line":30,"column":17}},"11":{"start":{"line":31,"column":4},"end":{"line":31,"column":34}},"12":{"start":{"line":34,"column":23},"end":{"line":64,"column":3}},"13":{"start":{"line":35,"column":4},"end":{"line":35,"column":23}},"14":{"start":{"line":36,"column":4},"end":{"line":63,"column":5}},"15":{"start":{"line":38,"column":21},"end":{"line":38,"column":46}},"16":{"start":{"line":39,"column":8},"end":{"line":58,"column":13}},"17":{"start":{"line":53,"column":12},"end":{"line":53,"column":68}},"18":{"start":{"line":56,"column":12},"end":{"line":56,"column":62}},"19":{"start":{"line":57,"column":12},"end":{"line":57,"column":33}},"20":{"start":{"line":60,"column":6},"end":{"line":60,"column":21}},"21":{"start":{"line":62,"column":6},"end":{"line":62,"column":50}},"22":{"start":{"line":66,"column":2},"end":{"line":173,"column":4}},"23":{"start":{"line":78,"column":31},"end":{"line":78,"column":46}},"24":{"start":{"line":85,"column":29},"end":{"line":85,"column":42}},"25":{"start":{"line":94,"column":29},"end":{"line":94,"column":42}},"26":{"start":{"line":103,"column":29},"end":{"line":103,"column":42}},"27":{"start":{"line":112,"column":29},"end":{"line":112,"column":42}},"28":{"start":{"line":121,"column":29},"end":{"line":121,"column":42}},"29":{"start":{"line":125,"column":31},"end":{"line":125,"column":69}},"30":{"start":{"line":136,"column":29},"end":{"line":136,"column":42}},"31":{"start":{"line":140,"column":31},"end":{"line":140,"column":69}},"32":{"start":{"line":152,"column":29},"end":{"line":152,"column":42}},"33":{"start":{"line":161,"column":29},"end":{"line":161,"column":42}}},"fnMap":{"0":{"name":"CreateSing","decl":{"start":{"line":10,"column":24},"end":{"line":10,"column":34}},"loc":{"start":{"line":10,"column":37},"end":{"line":174,"column":1}},"line":10},"1":{"name":"(anonymous_1)","decl":{"start":{"line":27,"column":21},"end":{"line":27,"column":22}},"loc":{"start":{"line":27,"column":28},"end":{"line":32,"column":3}},"line":27},"2":{"name":"(anonymous_2)","decl":{"start":{"line":34,"column":23},"end":{"line":34,"column":24}},"loc":{"start":{"line":34,"column":30},"end":{"line":64,"column":3}},"line":34},"3":{"name":"postData","decl":{"start":{"line":37,"column":21},"end":{"line":37,"column":29}},"loc":{"start":{"line":37,"column":36},"end":{"line":59,"column":7}},"line":37},"4":{"name":"(anonymous_4)","decl":{"start":{"line":52,"column":16},"end":{"line":52,"column":17}},"loc":{"start":{"line":52,"column":30},"end":{"line":54,"column":11}},"line":52},"5":{"name":"(anonymous_5)","decl":{"start":{"line":55,"column":17},"end":{"line":55,"column":18}},"loc":{"start":{"line":55,"column":28},"end":{"line":58,"column":11}},"line":55},"6":{"name":"(anonymous_6)","decl":{"start":{"line":78,"column":24},"end":{"line":78,"column":25}},"loc":{"start":{"line":78,"column":31},"end":{"line":78,"column":46}},"line":78},"7":{"name":"(anonymous_7)","decl":{"start":{"line":85,"column":22},"end":{"line":85,"column":23}},"loc":{"start":{"line":85,"column":29},"end":{"line":85,"column":42}},"line":85},"8":{"name":"(anonymous_8)","decl":{"start":{"line":94,"column":22},"end":{"line":94,"column":23}},"loc":{"start":{"line":94,"column":29},"end":{"line":94,"column":42}},"line":94},"9":{"name":"(anonymous_9)","decl":{"start":{"line":103,"column":22},"end":{"line":103,"column":23}},"loc":{"start":{"line":103,"column":29},"end":{"line":103,"column":42}},"line":103},"10":{"name":"(anonymous_10)","decl":{"start":{"line":112,"column":22},"end":{"line":112,"column":23}},"loc":{"start":{"line":112,"column":29},"end":{"line":112,"column":42}},"line":112},"11":{"name":"(anonymous_11)","decl":{"start":{"line":121,"column":22},"end":{"line":121,"column":23}},"loc":{"start":{"line":121,"column":29},"end":{"line":121,"column":42}},"line":121},"12":{"name":"(anonymous_12)","decl":{"start":{"line":125,"column":24},"end":{"line":125,"column":25}},"loc":{"start":{"line":125,"column":31},"end":{"line":125,"column":69}},"line":125},"13":{"name":"(anonymous_13)","decl":{"start":{"line":136,"column":22},"end":{"line":136,"column":23}},"loc":{"start":{"line":136,"column":29},"end":{"line":136,"column":42}},"line":136},"14":{"name":"(anonymous_14)","decl":{"start":{"line":140,"column":24},"end":{"line":140,"column":25}},"loc":{"start":{"line":140,"column":31},"end":{"line":140,"column":69}},"line":140},"15":{"name":"(anonymous_15)","decl":{"start":{"line":152,"column":22},"end":{"line":152,"column":23}},"loc":{"start":{"line":152,"column":29},"end":{"line":152,"column":42}},"line":152},"16":{"name":"(anonymous_16)","decl":{"start":{"line":161,"column":22},"end":{"line":161,"column":23}},"loc":{"start":{"line":161,"column":29},"end":{"line":161,"column":42}},"line":161}},"branchMap":{"0":{"loc":{"start":{"line":36,"column":4},"end":{"line":63,"column":5}},"type":"if","locations":[{"start":{"line":36,"column":4},"end":{"line":63,"column":5}},{"start":{"line":61,"column":11},"end":{"line":63,"column":5}}],"line":36},"1":{"loc":{"start":{"line":53,"column":12},"end":{"line":53,"column":67}},"type":"cond-expr","locations":[{"start":{"line":53,"column":26},"end":{"line":53,"column":46}},{"start":{"line":53,"column":49},"end":{"line":53,"column":67}}],"line":53},"2":{"loc":{"start":{"line":124,"column":13},"end":{"line":128,"column":13}},"type":"cond-expr","locations":[{"start":{"line":125,"column":14},"end":{"line":125,"column":70}},{"start":{"line":127,"column":14},"end":{"line":127,"column":37}}],"line":124},"3":{"loc":{"start":{"line":139,"column":13},"end":{"line":143,"column":13}},"type":"cond-expr","locations":[{"start":{"line":140,"column":14},"end":{"line":140,"column":70}},{"start":{"line":142,"column":14},"end":{"line":142,"column":37}}],"line":139}},"s":{"0":3,"1":2,"2":2,"3":2,"4":2,"5":2,"6":2,"7":2,"8":0,"9":0,"10":0,"11":0,"12":2,"13":0,"14":0,"15":0,"16":0,"17":0,"18":0,"19":0,"20":0,"21":0,"22":2,"23":0,"24":0,"25":0,"26":0,"27":0,"28":0,"29":0,"30":0,"31":0,"32":0,"33":0},"f":{"0":3,"1":0,"2":0,"3":0,"4":0,"5":0,"6":0,"7":0,"8":0,"9":0,"10":0,"11":0,"12":0,"13":0,"14":0,"15":0,"16":0},"b":{"0":[0,0],"1":[0,0],"2":[0,2],"3":[0,2]},"_coverageSchema":"1a1c01bbd47fc00a2c39e90264f33305004495a9","hash":"3e3d5c7c4d859ac893bf924285362690c97c96d8"}
,"/home/rahvin/repos/launchcode/flexpath-final-project/frontend/src/components/userPages/MySings.jsx": {"path":"/home/rahvin/repos/launchcode/flexpath-final-project/frontend/src/components/userPages/MySings.jsx","statementMap":{"0":{"start":{"line":6,"column":38},"end":{"line":6,"column":52}},"1":{"start":{"line":7,"column":30},"end":{"line":7,"column":53}},"2":{"start":{"line":8,"column":26},"end":{"line":8,"column":40}},"3":{"start":{"line":10,"column":2},"end":{"line":10,"column":53}},"4":{"start":{"line":12,"column":22},"end":{"line":12,"column":24}},"5":{"start":{"line":14,"column":2},"end":{"line":19,"column":3}},"6":{"start":{"line":15,"column":4},"end":{"line":18,"column":27}},"7":{"start":{"line":22,"column":4},"end":{"line":34,"column":72}},"8":{"start":{"line":29,"column":26},"end":{"line":29,"column":41}},"9":{"start":{"line":31,"column":8},"end":{"line":31,"column":22}},"10":{"start":{"line":32,"column":8},"end":{"line":32,"column":39}},"11":{"start":{"line":34,"column":24},"end":{"line":34,"column":70}},"12":{"start":{"line":37,"column":12},"end":{"line":37,"column":14}},"13":{"start":{"line":38,"column":2},"end":{"line":51,"column":17}},"14":{"start":{"line":39,"column":4},"end":{"line":42,"column":5}},"15":{"start":{"line":40,"column":6},"end":{"line":40,"column":59}},"16":{"start":{"line":41,"column":6},"end":{"line":41,"column":26}},"17":{"start":{"line":43,"column":4},"end":{"line":46,"column":5}},"18":{"start":{"line":44,"column":6},"end":{"line":44,"column":72}},"19":{"start":{"line":45,"column":6},"end":{"line":45,"column":26}},"20":{"start":{"line":47,"column":4},"end":{"line":50,"column":5}},"21":{"start":{"line":48,"column":6},"end":{"line":48,"column":70}},"22":{"start":{"line":49,"column":6},"end":{"line":49,"column":26}},"23":{"start":{"line":53,"column":2},"end":{"line":94,"column":4}}},"fnMap":{"0":{"name":"MySings","decl":{"start":{"line":5,"column":24},"end":{"line":5,"column":31}},"loc":{"start":{"line":5,"column":46},"end":{"line":95,"column":1}},"line":5},"1":{"name":"fetchData","decl":{"start":{"line":21,"column":17},"end":{"line":21,"column":26}},"loc":{"start":{"line":21,"column":37},"end":{"line":35,"column":3}},"line":21},"2":{"name":"(anonymous_2)","decl":{"start":{"line":29,"column":12},"end":{"line":29,"column":13}},"loc":{"start":{"line":29,"column":26},"end":{"line":29,"column":41}},"line":29},"3":{"name":"(anonymous_3)","decl":{"start":{"line":30,"column":12},"end":{"line":30,"column":13}},"loc":{"start":{"line":30,"column":22},"end":{"line":33,"column":7}},"line":30},"4":{"name":"(anonymous_4)","decl":{"start":{"line":34,"column":13},"end":{"line":34,"column":14}},"loc":{"start":{"line":34,"column":24},"end":{"line":34,"column":70}},"line":34},"5":{"name":"(anonymous_5)","decl":{"start":{"line":38,"column":12},"end":{"line":38,"column":13}},"loc":{"start":{"line":38,"column":18},"end":{"line":51,"column":3}},"line":38}},"branchMap":{"0":{"loc":{"start":{"line":14,"column":2},"end":{"line":19,"column":3}},"type":"if","locations":[{"start":{"line":14,"column":2},"end":{"line":19,"column":3}},{"start":{},"end":{}}],"line":14},"1":{"loc":{"start":{"line":39,"column":4},"end":{"line":42,"column":5}},"type":"if","locations":[{"start":{"line":39,"column":4},"end":{"line":42,"column":5}},{"start":{},"end":{}}],"line":39},"2":{"loc":{"start":{"line":43,"column":4},"end":{"line":46,"column":5}},"type":"if","locations":[{"start":{"line":43,"column":4},"end":{"line":46,"column":5}},{"start":{},"end":{}}],"line":43},"3":{"loc":{"start":{"line":47,"column":4},"end":{"line":50,"column":5}},"type":"if","locations":[{"start":{"line":47,"column":4},"end":{"line":50,"column":5}},{"start":{},"end":{}}],"line":47},"4":{"loc":{"start":{"line":58,"column":19},"end":{"line":58,"column":60}},"type":"cond-expr","locations":[{"start":{"line":58,"column":44},"end":{"line":58,"column":51}},{"start":{"line":58,"column":54},"end":{"line":58,"column":60}}],"line":58},"5":{"loc":{"start":{"line":71,"column":19},"end":{"line":71,"column":62}},"type":"cond-expr","locations":[{"start":{"line":71,"column":46},"end":{"line":71,"column":53}},{"start":{"line":71,"column":56},"end":{"line":71,"column":62}}],"line":71},"6":{"loc":{"start":{"line":84,"column":19},"end":{"line":84,"column":61}},"type":"cond-expr","locations":[{"start":{"line":84,"column":45},"end":{"line":84,"column":52}},{"start":{"line":84,"column":55},"end":{"line":84,"column":61}}],"line":84}},"s":{"0":1,"1":1,"2":1,"3":1,"4":1,"5":1,"6":1,"7":0,"8":0,"9":0,"10":0,"11":0,"12":1,"13":1,"14":1,"15":0,"16":0,"17":1,"18":0,"19":0,"20":1,"21":0,"22":0,"23":1},"f":{"0":1,"1":0,"2":0,"3":0,"4":0,"5":1},"b":{"0":[1,0],"1":[0,1],"2":[0,1],"3":[0,1],"4":[0,1],"5":[0,1],"6":[0,1]},"_coverageSchema":"1a1c01bbd47fc00a2c39e90264f33305004495a9","hash":"6684b304f96309de9f70869b24f17a1a5ddb25d3"}
,"/home/rahvin/repos/launchcode/flexpath-final-project/frontend/src/components/userPages/UpdateSing.jsx": {"path":"/home/rahvin/repos/launchcode/flexpath-final-project/frontend/src/components/userPages/UpdateSing.jsx","statementMap":{"0":{"start":{"line":9,"column":30},"end":{"line":9,"column":53}},"1":{"start":{"line":11,"column":19},"end":{"line":11,"column":32}},"2":{"start":{"line":12,"column":17},"end":{"line":12,"column":28}},"3":{"start":{"line":14,"column":26},"end":{"line":14,"column":42}},"4":{"start":{"line":16,"column":2},"end":{"line":16,"column":49}},"5":{"start":{"line":18,"column":21},"end":{"line":21,"column":3}},"6":{"start":{"line":19,"column":19},"end":{"line":19,"column":30}},"7":{"start":{"line":20,"column":4},"end":{"line":20,"column":34}},"8":{"start":{"line":23,"column":23},"end":{"line":49,"column":3}},"9":{"start":{"line":24,"column":4},"end":{"line":24,"column":23}},"10":{"start":{"line":26,"column":19},"end":{"line":26,"column":44}},"11":{"start":{"line":27,"column":6},"end":{"line":46,"column":48}},"12":{"start":{"line":44,"column":10},"end":{"line":44,"column":66}},"13":{"start":{"line":46,"column":26},"end":{"line":46,"column":46}},"14":{"start":{"line":48,"column":4},"end":{"line":48,"column":19}},"15":{"start":{"line":52,"column":4},"end":{"line":54,"column":73}},"16":{"start":{"line":56,"column":2},"end":{"line":56,"column":63}},"17":{"start":{"line":57,"column":23},"end":{"line":89,"column":3}},"18":{"start":{"line":58,"column":4},"end":{"line":58,"column":23}},"19":{"start":{"line":60,"column":6},"end":{"line":86,"column":11}},"20":{"start":{"line":73,"column":10},"end":{"line":73,"column":76}},"21":{"start":{"line":74,"column":10},"end":{"line":82,"column":11}},"22":{"start":{"line":75,"column":12},"end":{"line":75,"column":66}},"23":{"start":{"line":76,"column":12},"end":{"line":76,"column":33}},"24":{"start":{"line":78,"column":12},"end":{"line":80,"column":14}},"25":{"start":{"line":81,"column":12},"end":{"line":81,"column":57}},"26":{"start":{"line":85,"column":10},"end":{"line":85,"column":63}},"27":{"start":{"line":88,"column":4},"end":{"line":88,"column":19}},"28":{"start":{"line":91,"column":19},"end":{"line":91,"column":21}},"29":{"start":{"line":92,"column":2},"end":{"line":94,"column":3}},"30":{"start":{"line":93,"column":4},"end":{"line":93,"column":45}},"31":{"start":{"line":95,"column":2},"end":{"line":97,"column":3}},"32":{"start":{"line":96,"column":4},"end":{"line":96,"column":54}},"33":{"start":{"line":98,"column":2},"end":{"line":100,"column":3}},"34":{"start":{"line":99,"column":4},"end":{"line":99,"column":50}},"35":{"start":{"line":102,"column":2},"end":{"line":211,"column":4}},"36":{"start":{"line":132,"column":33},"end":{"line":132,"column":48}},"37":{"start":{"line":140,"column":31},"end":{"line":140,"column":44}},"38":{"start":{"line":150,"column":31},"end":{"line":150,"column":44}},"39":{"start":{"line":160,"column":31},"end":{"line":160,"column":44}},"40":{"start":{"line":170,"column":31},"end":{"line":170,"column":44}},"41":{"start":{"line":180,"column":31},"end":{"line":180,"column":44}},"42":{"start":{"line":190,"column":31},"end":{"line":190,"column":44}},"43":{"start":{"line":204,"column":28},"end":{"line":204,"column":43}}},"fnMap":{"0":{"name":"UpdateSing","decl":{"start":{"line":8,"column":24},"end":{"line":8,"column":34}},"loc":{"start":{"line":8,"column":49},"end":{"line":212,"column":1}},"line":8},"1":{"name":"(anonymous_1)","decl":{"start":{"line":18,"column":21},"end":{"line":18,"column":22}},"loc":{"start":{"line":18,"column":28},"end":{"line":21,"column":3}},"line":18},"2":{"name":"(anonymous_2)","decl":{"start":{"line":23,"column":23},"end":{"line":23,"column":24}},"loc":{"start":{"line":23,"column":30},"end":{"line":49,"column":3}},"line":23},"3":{"name":"postData","decl":{"start":{"line":25,"column":19},"end":{"line":25,"column":27}},"loc":{"start":{"line":25,"column":34},"end":{"line":47,"column":5}},"line":25},"4":{"name":"(anonymous_4)","decl":{"start":{"line":43,"column":14},"end":{"line":43,"column":15}},"loc":{"start":{"line":43,"column":28},"end":{"line":45,"column":9}},"line":43},"5":{"name":"(anonymous_5)","decl":{"start":{"line":46,"column":15},"end":{"line":46,"column":16}},"loc":{"start":{"line":46,"column":26},"end":{"line":46,"column":46}},"line":46},"6":{"name":"(anonymous_6)","decl":{"start":{"line":57,"column":23},"end":{"line":57,"column":24}},"loc":{"start":{"line":57,"column":30},"end":{"line":89,"column":3}},"line":57},"7":{"name":"deleteSing","decl":{"start":{"line":59,"column":19},"end":{"line":59,"column":29}},"loc":{"start":{"line":59,"column":34},"end":{"line":87,"column":5}},"line":59},"8":{"name":"(anonymous_8)","decl":{"start":{"line":72,"column":14},"end":{"line":72,"column":15}},"loc":{"start":{"line":72,"column":28},"end":{"line":83,"column":9}},"line":72},"9":{"name":"(anonymous_9)","decl":{"start":{"line":84,"column":15},"end":{"line":84,"column":16}},"loc":{"start":{"line":84,"column":26},"end":{"line":86,"column":9}},"line":84},"10":{"name":"(anonymous_10)","decl":{"start":{"line":132,"column":26},"end":{"line":132,"column":27}},"loc":{"start":{"line":132,"column":33},"end":{"line":132,"column":48}},"line":132},"11":{"name":"(anonymous_11)","decl":{"start":{"line":140,"column":24},"end":{"line":140,"column":25}},"loc":{"start":{"line":140,"column":31},"end":{"line":140,"column":44}},"line":140},"12":{"name":"(anonymous_12)","decl":{"start":{"line":150,"column":24},"end":{"line":150,"column":25}},"loc":{"start":{"line":150,"column":31},"end":{"line":150,"column":44}},"line":150},"13":{"name":"(anonymous_13)","decl":{"start":{"line":160,"column":24},"end":{"line":160,"column":25}},"loc":{"start":{"line":160,"column":31},"end":{"line":160,"column":44}},"line":160},"14":{"name":"(anonymous_14)","decl":{"start":{"line":170,"column":24},"end":{"line":170,"column":25}},"loc":{"start":{"line":170,"column":31},"end":{"line":170,"column":44}},"line":170},"15":{"name":"(anonymous_15)","decl":{"start":{"line":180,"column":24},"end":{"line":180,"column":25}},"loc":{"start":{"line":180,"column":31},"end":{"line":180,"column":44}},"line":180},"16":{"name":"(anonymous_16)","decl":{"start":{"line":190,"column":24},"end":{"line":190,"column":25}},"loc":{"start":{"line":190,"column":31},"end":{"line":190,"column":44}},"line":190},"17":{"name":"(anonymous_17)","decl":{"start":{"line":204,"column":21},"end":{"line":204,"column":22}},"loc":{"start":{"line":204,"column":28},"end":{"line":204,"column":43}},"line":204}},"branchMap":{"0":{"loc":{"start":{"line":44,"column":10},"end":{"line":44,"column":65}},"type":"cond-expr","locations":[{"start":{"line":44,"column":24},"end":{"line":44,"column":44}},{"start":{"line":44,"column":47},"end":{"line":44,"column":65}}],"line":44},"1":{"loc":{"start":{"line":52,"column":4},"end":{"line":54,"column":73}},"type":"cond-expr","locations":[{"start":{"line":53,"column":8},"end":{"line":53,"column":66}},{"start":{"line":54,"column":8},"end":{"line":54,"column":73}}],"line":52},"2":{"loc":{"start":{"line":74,"column":10},"end":{"line":82,"column":11}},"type":"if","locations":[{"start":{"line":74,"column":10},"end":{"line":82,"column":11}},{"start":{"line":77,"column":17},"end":{"line":82,"column":11}}],"line":74},"3":{"loc":{"start":{"line":92,"column":2},"end":{"line":94,"column":3}},"type":"if","locations":[{"start":{"line":92,"column":2},"end":{"line":94,"column":3}},{"start":{},"end":{}}],"line":92},"4":{"loc":{"start":{"line":95,"column":2},"end":{"line":97,"column":3}},"type":"if","locations":[{"start":{"line":95,"column":2},"end":{"line":97,"column":3}},{"start":{},"end":{}}],"line":95},"5":{"loc":{"start":{"line":98,"column":2},"end":{"line":100,"column":3}},"type":"if","locations":[{"start":{"line":98,"column":2},"end":{"line":100,"column":3}},{"start":{},"end":{}}],"line":98},"6":{"loc":{"start":{"line":107,"column":26},"end":{"line":107,"column":68}},"type":"cond-expr","locations":[{"start":{"line":107,"column":52},"end":{"line":107,"column":59}},{"start":{"line":107,"column":62},"end":{"line":107,"column":68}}],"line":107},"7":{"loc":{"start":{"line":113,"column":26},"end":{"line":113,"column":67}},"type":"cond-expr","locations":[{"start":{"line":113,"column":51},"end":{"line":113,"column":58}},{"start":{"line":113,"column":61},"end":{"line":113,"column":67}}],"line":113},"8":{"loc":{"start":{"line":121,"column":31},"end":{"line":121,"column":71}},"type":"cond-expr","locations":[{"start":{"line":121,"column":55},"end":{"line":121,"column":62}},{"start":{"line":121,"column":65},"end":{"line":121,"column":71}}],"line":121},"9":{"loc":{"start":{"line":125,"column":13},"end":{"line":125,"column":64}},"type":"cond-expr","locations":[{"start":{"line":125,"column":23},"end":{"line":125,"column":36}},{"start":{"line":125,"column":39},"end":{"line":125,"column":64}}],"line":125},"10":{"loc":{"start":{"line":139,"column":27},"end":{"line":139,"column":78}},"type":"cond-expr","locations":[{"start":{"line":139,"column":37},"end":{"line":139,"column":50}},{"start":{"line":139,"column":53},"end":{"line":139,"column":78}}],"line":139},"11":{"loc":{"start":{"line":148,"column":16},"end":{"line":148,"column":73}},"type":"cond-expr","locations":[{"start":{"line":148,"column":26},"end":{"line":148,"column":39}},{"start":{"line":148,"column":42},"end":{"line":148,"column":73}}],"line":148},"12":{"loc":{"start":{"line":158,"column":16},"end":{"line":158,"column":73}},"type":"cond-expr","locations":[{"start":{"line":158,"column":26},"end":{"line":158,"column":39}},{"start":{"line":158,"column":42},"end":{"line":158,"column":73}}],"line":158},"13":{"loc":{"start":{"line":168,"column":16},"end":{"line":168,"column":71}},"type":"cond-expr","locations":[{"start":{"line":168,"column":26},"end":{"line":168,"column":39}},{"start":{"line":168,"column":42},"end":{"line":168,"column":71}}],"line":168},"14":{"loc":{"start":{"line":178,"column":16},"end":{"line":178,"column":75}},"type":"cond-expr","locations":[{"start":{"line":178,"column":26},"end":{"line":178,"column":39}},{"start":{"line":178,"column":42},"end":{"line":178,"column":75}}],"line":178},"15":{"loc":{"start":{"line":188,"column":16},"end":{"line":188,"column":77}},"type":"cond-expr","locations":[{"start":{"line":188,"column":26},"end":{"line":188,"column":39}},{"start":{"line":188,"column":42},"end":{"line":188,"column":77}}],"line":188}},"s":{"0":2,"1":2,"2":2,"3":2,"4":2,"5":2,"6":0,"7":0,"8":2,"9":0,"10":0,"11":0,"12":0,"13":0,"14":0,"15":2,"16":2,"17":2,"18":0,"19":0,"20":0,"21":0,"22":0,"23":0,"24":0,"25":0,"26":0,"27":0,"28":2,"29":2,"30":1,"31":2,"32":0,"33":2,"34":1,"35":2,"36":0,"37":0,"38":0,"39":0,"40":0,"41":0,"42":0,"43":0},"f":{"0":2,"1":0,"2":0,"3":0,"4":0,"5":0,"6":0,"7":0,"8":0,"9":0,"10":0,"11":0,"12":0,"13":0,"14":0,"15":0,"16":0,"17":0},"b":{"0":[0,0],"1":[1,1],"2":[0,0],"3":[1,1],"4":[0,2],"5":[1,1],"6":[0,2],"7":[1,1],"8":[1,1],"9":[2,0],"10":[2,0],"11":[2,0],"12":[2,0],"13":[2,0],"14":[2,0],"15":[2,0]},"_coverageSchema":"1a1c01bbd47fc00a2c39e90264f33305004495a9","hash":"8054347eb18b4771444a6912dae0cd36bd45f490"}
,"/home/rahvin/repos/launchcode/flexpath-final-project/frontend/src/helpers/sortSings.js": {"path":"/home/rahvin/repos/launchcode/flexpath-final-project/frontend/src/helpers/sortSings.js","statementMap":{"0":{"start":{"line":2,"column":2},"end":{"line":11,"column":5}},"1":{"start":{"line":3,"column":18},"end":{"line":3,"column":40}},"2":{"start":{"line":4,"column":18},"end":{"line":4,"column":40}},"3":{"start":{"line":6,"column":4},"end":{"line":10,"column":5}},"4":{"start":{"line":7,"column":6},"end":{"line":7,"column":27}},"5":{"start":{"line":9,"column":6},"end":{"line":9,"column":27}}},"fnMap":{"0":{"name":"sortSingsByDate","decl":{"start":{"line":1,"column":24},"end":{"line":1,"column":39}},"loc":{"start":{"line":1,"column":62},"end":{"line":12,"column":1}},"line":1},"1":{"name":"(anonymous_1)","decl":{"start":{"line":2,"column":28},"end":{"line":2,"column":29}},"loc":{"start":{"line":2,"column":38},"end":{"line":11,"column":3}},"line":2}},"branchMap":{"0":{"loc":{"start":{"line":1,"column":47},"end":{"line":1,"column":60}},"type":"default-arg","locations":[{"start":{"line":1,"column":55},"end":{"line":1,"column":60}}],"line":1},"1":{"loc":{"start":{"line":6,"column":4},"end":{"line":10,"column":5}},"type":"if","locations":[{"start":{"line":6,"column":4},"end":{"line":10,"column":5}},{"start":{"line":8,"column":11},"end":{"line":10,"column":5}}],"line":6}},"s":{"0":0,"1":0,"2":0,"3":0,"4":0,"5":0},"f":{"0":0,"1":0},"b":{"0":[0],"1":[0,0]},"_coverageSchema":"1a1c01bbd47fc00a2c39e90264f33305004495a9","hash":"b7ee70a2617d58f236f7119489dff9b222f86bb6"}
,"/home/rahvin/repos/launchcode/flexpath-final-project/frontend/src/helpers/useBooks.jsx": {"path":"/home/rahvin/repos/launchcode/flexpath-final-project/frontend/src/helpers/useBooks.jsx","statementMap":{"0":{"start":{"line":4,"column":28},"end":{"line":4,"column":38}},"1":{"start":{"line":5,"column":33},"end":{"line":5,"column":43}},"2":{"start":{"line":6,"column":32},"end":{"line":6,"column":46}},"3":{"start":{"line":8,"column":2},"end":{"line":24,"column":9}},"4":{"start":{"line":10,"column":6},"end":{"line":20,"column":7}},"5":{"start":{"line":11,"column":25},"end":{"line":11,"column":71}},"6":{"start":{"line":12,"column":21},"end":{"line":12,"column":42}},"7":{"start":{"line":13,"column":8},"end":{"line":13,"column":43}},"8":{"start":{"line":14,"column":8},"end":{"line":14,"column":23}},"9":{"start":{"line":16,"column":8},"end":{"line":16,"column":45}},"10":{"start":{"line":17,"column":8},"end":{"line":17,"column":24}},"11":{"start":{"line":19,"column":8},"end":{"line":19,"column":26}},"12":{"start":{"line":23,"column":4},"end":{"line":23,"column":17}},"13":{"start":{"line":25,"column":2},"end":{"line":25,"column":21}},"14":{"start":{"line":26,"column":2},"end":{"line":26,"column":19}}},"fnMap":{"0":{"name":"useBooks","decl":{"start":{"line":3,"column":16},"end":{"line":3,"column":24}},"loc":{"start":{"line":3,"column":29},"end":{"line":27,"column":1}},"line":3},"1":{"name":"(anonymous_1)","decl":{"start":{"line":8,"column":12},"end":{"line":8,"column":13}},"loc":{"start":{"line":8,"column":18},"end":{"line":24,"column":3}},"line":8},"2":{"name":"fetchBooks","decl":{"start":{"line":9,"column":19},"end":{"line":9,"column":29}},"loc":{"start":{"line":9,"column":32},"end":{"line":21,"column":5}},"line":9}},"branchMap":{},"s":{"0":2,"1":2,"2":2,"3":2,"4":1,"5":1,"6":1,"7":1,"8":1,"9":0,"10":0,"11":1,"12":1,"13":2,"14":2},"f":{"0":2,"1":1,"2":1},"b":{},"_coverageSchema":"1a1c01bbd47fc00a2c39e90264f33305004495a9","hash":"0301c015fac823923679fa6db0e61a5f6320bda0"}
,"/home/rahvin/repos/launchcode/flexpath-final-project/frontend/src/helpers/useChangeSing.jsx": {"path":"/home/rahvin/repos/launchcode/flexpath-final-project/frontend/src/helpers/useChangeSing.jsx","statementMap":{"0":{"start":{"line":6,"column":33},"end":{"line":6,"column":43}},"1":{"start":{"line":7,"column":32},"end":{"line":7,"column":46}},"2":{"start":{"line":9,"column":2},"end":{"line":9,"column":46}},"3":{"start":{"line":11,"column":2},"end":{"line":28,"column":13}},"4":{"start":{"line":13,"column":21},"end":{"line":13,"column":46}},"5":{"start":{"line":14,"column":8},"end":{"line":25,"column":50}},"6":{"start":{"line":23,"column":12},"end":{"line":23,"column":68}},"7":{"start":{"line":25,"column":28},"end":{"line":25,"column":48}},"8":{"start":{"line":27,"column":6},"end":{"line":27,"column":17}},"9":{"start":{"line":30,"column":2},"end":{"line":30,"column":13}}},"fnMap":{"0":{"name":"useChangeSing","decl":{"start":{"line":5,"column":16},"end":{"line":5,"column":29}},"loc":{"start":{"line":5,"column":36},"end":{"line":31,"column":1}},"line":5},"1":{"name":"(anonymous_1)","decl":{"start":{"line":11,"column":12},"end":{"line":11,"column":13}},"loc":{"start":{"line":11,"column":18},"end":{"line":28,"column":3}},"line":11},"2":{"name":"postData","decl":{"start":{"line":12,"column":19},"end":{"line":12,"column":27}},"loc":{"start":{"line":12,"column":30},"end":{"line":26,"column":7}},"line":12},"3":{"name":"(anonymous_3)","decl":{"start":{"line":22,"column":16},"end":{"line":22,"column":17}},"loc":{"start":{"line":22,"column":30},"end":{"line":24,"column":11}},"line":22},"4":{"name":"(anonymous_4)","decl":{"start":{"line":25,"column":17},"end":{"line":25,"column":18}},"loc":{"start":{"line":25,"column":28},"end":{"line":25,"column":48}},"line":25}},"branchMap":{"0":{"loc":{"start":{"line":23,"column":12},"end":{"line":23,"column":67}},"type":"cond-expr","locations":[{"start":{"line":23,"column":26},"end":{"line":23,"column":46}},{"start":{"line":23,"column":49},"end":{"line":23,"column":67}}],"line":23}},"s":{"0":0,"1":0,"2":0,"3":0,"4":0,"5":0,"6":0,"7":0,"8":0,"9":0},"f":{"0":0,"1":0,"2":0,"3":0,"4":0},"b":{"0":[0,0]}}
,"/home/rahvin/repos/launchcode/flexpath-final-project/frontend/src/helpers/useFetchSing.jsx": {"path":"/home/rahvin/repos/launchcode/flexpath-final-project/frontend/src/helpers/useFetchSing.jsx","statementMap":{"0":{"start":{"line":4,"column":26},"end":{"line":4,"column":36}},"1":{"start":{"line":5,"column":33},"end":{"line":5,"column":43}},"2":{"start":{"line":6,"column":32},"end":{"line":6,"column":46}},"3":{"start":{"line":8,"column":2},"end":{"line":8,"column":41}},"4":{"start":{"line":10,"column":2},"end":{"line":28,"column":11}},"5":{"start":{"line":12,"column":6},"end":{"line":24,"column":7}},"6":{"start":{"line":13,"column":25},"end":{"line":15,"column":9}},"7":{"start":{"line":16,"column":21},"end":{"line":16,"column":42}},"8":{"start":{"line":17,"column":8},"end":{"line":17,"column":43}},"9":{"start":{"line":18,"column":8},"end":{"line":18,"column":22}},"10":{"start":{"line":20,"column":8},"end":{"line":20,"column":45}},"11":{"start":{"line":21,"column":8},"end":{"line":21,"column":24}},"12":{"start":{"line":23,"column":8},"end":{"line":23,"column":26}},"13":{"start":{"line":27,"column":4},"end":{"line":27,"column":16}},"14":{"start":{"line":30,"column":2},"end":{"line":30,"column":27}}},"fnMap":{"0":{"name":"useFetchSing","decl":{"start":{"line":3,"column":16},"end":{"line":3,"column":28}},"loc":{"start":{"line":3,"column":33},"end":{"line":31,"column":1}},"line":3},"1":{"name":"(anonymous_1)","decl":{"start":{"line":10,"column":12},"end":{"line":10,"column":13}},"loc":{"start":{"line":10,"column":18},"end":{"line":28,"column":3}},"line":10},"2":{"name":"fetchData","decl":{"start":{"line":11,"column":19},"end":{"line":11,"column":28}},"loc":{"start":{"line":11,"column":31},"end":{"line":25,"column":5}},"line":11}},"branchMap":{},"s":{"0":4,"1":4,"2":4,"3":4,"4":4,"5":3,"6":3,"7":3,"8":3,"9":3,"10":0,"11":0,"12":3,"13":3,"14":4},"f":{"0":4,"1":3,"2":3},"b":{},"_coverageSchema":"1a1c01bbd47fc00a2c39e90264f33305004495a9","hash":"e301829cdea618609323303c048632e6a24d786f"}
,"/home/rahvin/repos/launchcode/flexpath-final-project/frontend/src/helpers/useUUID.jsx": {"path":"/home/rahvin/repos/launchcode/flexpath-final-project/frontend/src/helpers/useUUID.jsx","statementMap":{"0":{"start":{"line":5,"column":26},"end":{"line":5,"column":36}},"1":{"start":{"line":6,"column":33},"end":{"line":6,"column":43}},"2":{"start":{"line":7,"column":32},"end":{"line":7,"column":46}},"3":{"start":{"line":9,"column":20},"end":{"line":9,"column":43}},"4":{"start":{"line":11,"column":2},"end":{"line":11,"column":52}},"5":{"start":{"line":13,"column":2},"end":{"line":40,"column":9}},"6":{"start":{"line":15,"column":6},"end":{"line":36,"column":7}},"7":{"start":{"line":16,"column":25},"end":{"line":28,"column":9}},"8":{"start":{"line":29,"column":21},"end":{"line":29,"column":42}},"9":{"start":{"line":30,"column":8},"end":{"line":30,"column":27}},"10":{"start":{"line":32,"column":8},"end":{"line":32,"column":45}},"11":{"start":{"line":33,"column":8},"end":{"line":33,"column":24}},"12":{"start":{"line":35,"column":8},"end":{"line":35,"column":26}},"13":{"start":{"line":39,"column":4},"end":{"line":39,"column":16}},"14":{"start":{"line":42,"column":2},"end":{"line":42,"column":44}},"15":{"start":{"line":44,"column":2},"end":{"line":44,"column":18}}},"fnMap":{"0":{"name":"useUUID","decl":{"start":{"line":4,"column":16},"end":{"line":4,"column":23}},"loc":{"start":{"line":4,"column":34},"end":{"line":45,"column":1}},"line":4},"1":{"name":"(anonymous_1)","decl":{"start":{"line":13,"column":12},"end":{"line":13,"column":13}},"loc":{"start":{"line":13,"column":18},"end":{"line":40,"column":3}},"line":13},"2":{"name":"fetchUUID","decl":{"start":{"line":14,"column":19},"end":{"line":14,"column":28}},"loc":{"start":{"line":14,"column":31},"end":{"line":37,"column":5}},"line":14}},"branchMap":{},"s":{"0":2,"1":2,"2":2,"3":2,"4":2,"5":2,"6":1,"7":1,"8":1,"9":1,"10":0,"11":0,"12":1,"13":1,"14":2,"15":2},"f":{"0":2,"1":1,"2":1},"b":{},"_coverageSchema":"1a1c01bbd47fc00a2c39e90264f33305004495a9","hash":"58f4cf913994fe4dc8bd8ce687be1f13a5f3a5b6"}
,"/home/rahvin/repos/launchcode/flexpath-final-project/frontend/src/provider/AuthProvider.jsx": {"path":"/home/rahvin/repos/launchcode/flexpath-final-project/frontend/src/provider/AuthProvider.jsx","statementMap":{"0":{"start":{"line":4,"column":27},"end":{"line":4,"column":42}},"1":{"start":{"line":7,"column":14},"end":{"line":7,"column":41}},"2":{"start":{"line":8,"column":28},"end":{"line":8,"column":54}},"3":{"start":{"line":9,"column":38},"end":{"line":9,"column":53}},"4":{"start":{"line":10,"column":32},"end":{"line":10,"column":47}},"5":{"start":{"line":11,"column":26},"end":{"line":11,"column":40}},"6":{"start":{"line":12,"column":34},"end":{"line":12,"column":48}},"7":{"start":{"line":13,"column":40},"end":{"line":13,"column":55}},"8":{"start":{"line":15,"column":2},"end":{"line":36,"column":4}}},"fnMap":{"0":{"name":"AuthProvider","decl":{"start":{"line":6,"column":24},"end":{"line":6,"column":36}},"loc":{"start":{"line":6,"column":51},"end":{"line":37,"column":1}},"line":6}},"branchMap":{"0":{"loc":{"start":{"line":8,"column":37},"end":{"line":8,"column":53}},"type":"cond-expr","locations":[{"start":{"line":8,"column":43},"end":{"line":8,"column":46}},{"start":{"line":8,"column":49},"end":{"line":8,"column":53}}],"line":8}},"s":{"0":9,"1":0,"2":0,"3":0,"4":0,"5":0,"6":0,"7":0,"8":0},"f":{"0":0},"b":{"0":[0,0]},"_coverageSchema":"1a1c01bbd47fc00a2c39e90264f33305004495a9","hash":"ad3958b96029939224b3596960567acdae1d8bf1"}
,"/home/rahvin/repos/launchcode/flexpath-final-project/frontend/src/tables/LoadingTable.jsx": {"path":"/home/rahvin/repos/launchcode/flexpath-final-project/frontend/src/tables/LoadingTable.jsx","statementMap":{"0":{"start":{"line":4,"column":2},"end":{"line":39,"column":4}}},"fnMap":{"0":{"name":"LoadingTable","decl":{"start":{"line":3,"column":24},"end":{"line":3,"column":36}},"loc":{"start":{"line":3,"column":68},"end":{"line":40,"column":1}},"line":3}},"branchMap":{"0":{"loc":{"start":{"line":22,"column":26},"end":{"line":22,"column":52}},"type":"cond-expr","locations":[{"start":{"line":22,"column":36},"end":{"line":22,"column":43}},{"start":{"line":22,"column":46},"end":{"line":22,"column":52}}],"line":22},"1":{"loc":{"start":{"line":28,"column":26},"end":{"line":28,"column":53}},"type":"cond-expr","locations":[{"start":{"line":28,"column":37},"end":{"line":28,"column":44}},{"start":{"line":28,"column":47},"end":{"line":28,"column":53}}],"line":28},"2":{"loc":{"start":{"line":34,"column":26},"end":{"line":34,"column":55}},"type":"cond-expr","locations":[{"start":{"line":34,"column":39},"end":{"line":34,"column":46}},{"start":{"line":34,"column":49},"end":{"line":34,"column":55}}],"line":34}},"s":{"0":16},"f":{"0":16},"b":{"0":[2,14],"1":[14,2],"2":[1,15]},"_coverageSchema":"1a1c01bbd47fc00a2c39e90264f33305004495a9","hash":"d02c99804fe479ff0a28bad9f19a34497b49b75a"}
,"/home/rahvin/repos/launchcode/flexpath-final-project/frontend/src/tables/LoggedInTable.jsx": {"path":"/home/rahvin/repos/launchcode/flexpath-final-project/frontend/src/tables/LoggedInTable.jsx","statementMap":{"0":{"start":{"line":14,"column":2},"end":{"line":14,"column":46}},"1":{"start":{"line":15,"column":22},"end":{"line":15,"column":32}},"2":{"start":{"line":16,"column":19},"end":{"line":16,"column":32}},"3":{"start":{"line":17,"column":28},"end":{"line":17,"column":38}},"4":{"start":{"line":18,"column":42},"end":{"line":18,"column":65}},"5":{"start":{"line":20,"column":22},"end":{"line":23,"column":3}},"6":{"start":{"line":21,"column":4},"end":{"line":21,"column":14}},"7":{"start":{"line":22,"column":4},"end":{"line":22,"column":41}},"8":{"start":{"line":25,"column":22},"end":{"line":27,"column":3}},"9":{"start":{"line":26,"column":4},"end":{"line":26,"column":20}},"10":{"start":{"line":29,"column":2},"end":{"line":33,"column":14}},"11":{"start":{"line":30,"column":4},"end":{"line":32,"column":5}},"12":{"start":{"line":31,"column":6},"end":{"line":31,"column":44}},"13":{"start":{"line":35,"column":17},"end":{"line":35,"column":18}},"14":{"start":{"line":37,"column":4},"end":{"line":52,"column":7}},"15":{"start":{"line":49,"column":6},"end":{"line":51,"column":40}},"16":{"start":{"line":55,"column":2},"end":{"line":207,"column":3}},"17":{"start":{"line":61,"column":4},"end":{"line":61,"column":70}},"18":{"start":{"line":63,"column":4},"end":{"line":206,"column":6}},"19":{"start":{"line":72,"column":28},"end":{"line":72,"column":46}},"20":{"start":{"line":85,"column":28},"end":{"line":85,"column":47}},"21":{"start":{"line":115,"column":16},"end":{"line":150,"column":18}},"22":{"start":{"line":125,"column":24},"end":{"line":125,"column":41}},"23":{"start":{"line":183,"column":20},"end":{"line":183,"column":33}},"24":{"start":{"line":184,"column":20},"end":{"line":184,"column":34}},"25":{"start":{"line":194,"column":20},"end":{"line":194,"column":33}},"26":{"start":{"line":195,"column":20},"end":{"line":195,"column":34}}},"fnMap":{"0":{"name":"LoggedInTable","decl":{"start":{"line":7,"column":24},"end":{"line":7,"column":37}},"loc":{"start":{"line":13,"column":3},"end":{"line":208,"column":1}},"line":13},"1":{"name":"(anonymous_1)","decl":{"start":{"line":20,"column":22},"end":{"line":20,"column":23}},"loc":{"start":{"line":20,"column":30},"end":{"line":23,"column":3}},"line":20},"2":{"name":"(anonymous_2)","decl":{"start":{"line":25,"column":22},"end":{"line":25,"column":23}},"loc":{"start":{"line":25,"column":33},"end":{"line":27,"column":3}},"line":25},"3":{"name":"(anonymous_3)","decl":{"start":{"line":29,"column":12},"end":{"line":29,"column":13}},"loc":{"start":{"line":29,"column":18},"end":{"line":33,"column":3}},"line":29},"4":{"name":"addToMySings","decl":{"start":{"line":36,"column":17},"end":{"line":36,"column":29}},"loc":{"start":{"line":36,"column":32},"end":{"line":53,"column":3}},"line":36},"5":{"name":"(anonymous_5)","decl":{"start":{"line":48,"column":11},"end":{"line":48,"column":12}},"loc":{"start":{"line":48,"column":25},"end":{"line":52,"column":5}},"line":48},"6":{"name":"(anonymous_6)","decl":{"start":{"line":72,"column":22},"end":{"line":72,"column":23}},"loc":{"start":{"line":72,"column":28},"end":{"line":72,"column":46}},"line":72},"7":{"name":"(anonymous_7)","decl":{"start":{"line":85,"column":22},"end":{"line":85,"column":23}},"loc":{"start":{"line":85,"column":28},"end":{"line":85,"column":47}},"line":85},"8":{"name":"(anonymous_8)","decl":{"start":{"line":114,"column":24},"end":{"line":114,"column":25}},"loc":{"start":{"line":114,"column":38},"end":{"line":151,"column":15}},"line":114},"9":{"name":"(anonymous_9)","decl":{"start":{"line":124,"column":31},"end":{"line":124,"column":32}},"loc":{"start":{"line":124,"column":37},"end":{"line":126,"column":23}},"line":124},"10":{"name":"(anonymous_10)","decl":{"start":{"line":182,"column":27},"end":{"line":182,"column":28}},"loc":{"start":{"line":182,"column":33},"end":{"line":185,"column":19}},"line":182},"11":{"name":"(anonymous_11)","decl":{"start":{"line":193,"column":27},"end":{"line":193,"column":28}},"loc":{"start":{"line":193,"column":33},"end":{"line":196,"column":19}},"line":193}},"branchMap":{"0":{"loc":{"start":{"line":30,"column":4},"end":{"line":32,"column":5}},"type":"if","locations":[{"start":{"line":30,"column":4},"end":{"line":32,"column":5}},{"start":{},"end":{}}],"line":30},"1":{"loc":{"start":{"line":30,"column":8},"end":{"line":30,"column":21}},"type":"binary-expr","locations":[{"start":{"line":30,"column":8},"end":{"line":30,"column":12}},{"start":{"line":30,"column":16},"end":{"line":30,"column":21}}],"line":30},"2":{"loc":{"start":{"line":49,"column":6},"end":{"line":51,"column":39}},"type":"cond-expr","locations":[{"start":{"line":50,"column":10},"end":{"line":50,"column":42}},{"start":{"line":51,"column":10},"end":{"line":51,"column":39}}],"line":49},"3":{"loc":{"start":{"line":55,"column":2},"end":{"line":207,"column":3}},"type":"if","locations":[{"start":{"line":55,"column":2},"end":{"line":207,"column":3}},{"start":{"line":62,"column":9},"end":{"line":207,"column":3}}],"line":55},"4":{"loc":{"start":{"line":56,"column":4},"end":{"line":59,"column":23}},"type":"binary-expr","locations":[{"start":{"line":56,"column":4},"end":{"line":56,"column":17}},{"start":{"line":57,"column":4},"end":{"line":57,"column":21}},{"start":{"line":58,"column":4},"end":{"line":58,"column":22}},{"start":{"line":59,"column":4},"end":{"line":59,"column":23}}],"line":56},"5":{"loc":{"start":{"line":120,"column":40},"end":{"line":120,"column":69}},"type":"cond-expr","locations":[{"start":{"line":120,"column":53},"end":{"line":120,"column":60}},{"start":{"line":120,"column":63},"end":{"line":120,"column":69}}],"line":120},"6":{"loc":{"start":{"line":132,"column":40},"end":{"line":132,"column":70}},"type":"cond-expr","locations":[{"start":{"line":132,"column":54},"end":{"line":132,"column":61}},{"start":{"line":132,"column":64},"end":{"line":132,"column":70}}],"line":132}},"s":{"0":6,"1":6,"2":6,"3":6,"4":6,"5":6,"6":0,"7":0,"8":6,"9":1,"10":6,"11":5,"12":1,"13":6,"14":0,"15":0,"16":6,"17":1,"18":5,"19":0,"20":1,"21":10,"22":1,"23":0,"24":0,"25":0,"26":0},"f":{"0":6,"1":0,"2":1,"3":5,"4":0,"5":0,"6":0,"7":1,"8":10,"9":1,"10":0,"11":0},"b":{"0":[1,4],"1":[5,4],"2":[0,0],"3":[1,5],"4":[6,5,5,5],"5":[10,0],"6":[0,10]},"_coverageSchema":"1a1c01bbd47fc00a2c39e90264f33305004495a9","hash":"1bef0db572fee3d2a594f88c43dc2b3c02d18724"}
,"/home/rahvin/repos/launchcode/flexpath-final-project/frontend/src/tables/Table.jsx": {"path":"/home/rahvin/repos/launchcode/flexpath-final-project/frontend/src/tables/Table.jsx","statementMap":{"0":{"start":{"line":13,"column":2},"end":{"line":13,"column":46}},"1":{"start":{"line":14,"column":22},"end":{"line":14,"column":32}},"2":{"start":{"line":15,"column":19},"end":{"line":15,"column":32}},"3":{"start":{"line":16,"column":28},"end":{"line":16,"column":38}},"4":{"start":{"line":18,"column":22},"end":{"line":22,"column":3}},"5":{"start":{"line":19,"column":4},"end":{"line":19,"column":14}},"6":{"start":{"line":20,"column":4},"end":{"line":20,"column":46}},"7":{"start":{"line":21,"column":4},"end":{"line":21,"column":34}},"8":{"start":{"line":24,"column":22},"end":{"line":27,"column":3}},"9":{"start":{"line":25,"column":4},"end":{"line":25,"column":20}},"10":{"start":{"line":26,"column":4},"end":{"line":26,"column":37}},"11":{"start":{"line":29,"column":2},"end":{"line":33,"column":14}},"12":{"start":{"line":30,"column":4},"end":{"line":32,"column":5}},"13":{"start":{"line":31,"column":6},"end":{"line":31,"column":44}},"14":{"start":{"line":35,"column":2},"end":{"line":129,"column":3}},"15":{"start":{"line":41,"column":4},"end":{"line":41,"column":70}},"16":{"start":{"line":43,"column":4},"end":{"line":128,"column":6}},"17":{"start":{"line":51,"column":28},"end":{"line":51,"column":46}},"18":{"start":{"line":63,"column":28},"end":{"line":63,"column":47}},"19":{"start":{"line":91,"column":16},"end":{"line":122,"column":18}},"20":{"start":{"line":98,"column":24},"end":{"line":98,"column":47}}},"fnMap":{"0":{"name":"Table","decl":{"start":{"line":6,"column":24},"end":{"line":6,"column":29}},"loc":{"start":{"line":12,"column":3},"end":{"line":130,"column":1}},"line":12},"1":{"name":"(anonymous_1)","decl":{"start":{"line":18,"column":22},"end":{"line":18,"column":23}},"loc":{"start":{"line":18,"column":30},"end":{"line":22,"column":3}},"line":18},"2":{"name":"(anonymous_2)","decl":{"start":{"line":24,"column":22},"end":{"line":24,"column":23}},"loc":{"start":{"line":24,"column":33},"end":{"line":27,"column":3}},"line":24},"3":{"name":"(anonymous_3)","decl":{"start":{"line":29,"column":12},"end":{"line":29,"column":13}},"loc":{"start":{"line":29,"column":18},"end":{"line":33,"column":3}},"line":29},"4":{"name":"(anonymous_4)","decl":{"start":{"line":51,"column":22},"end":{"line":51,"column":23}},"loc":{"start":{"line":51,"column":28},"end":{"line":51,"column":46}},"line":51},"5":{"name":"(anonymous_5)","decl":{"start":{"line":63,"column":22},"end":{"line":63,"column":23}},"loc":{"start":{"line":63,"column":28},"end":{"line":63,"column":47}},"line":63},"6":{"name":"(anonymous_6)","decl":{"start":{"line":90,"column":24},"end":{"line":90,"column":25}},"loc":{"start":{"line":90,"column":38},"end":{"line":123,"column":15}},"line":90},"7":{"name":"(anonymous_7)","decl":{"start":{"line":97,"column":31},"end":{"line":97,"column":32}},"loc":{"start":{"line":97,"column":37},"end":{"line":99,"column":23}},"line":97}},"branchMap":{"0":{"loc":{"start":{"line":30,"column":4},"end":{"line":32,"column":5}},"type":"if","locations":[{"start":{"line":30,"column":4},"end":{"line":32,"column":5}},{"start":{},"end":{}}],"line":30},"1":{"loc":{"start":{"line":30,"column":8},"end":{"line":30,"column":21}},"type":"binary-expr","locations":[{"start":{"line":30,"column":8},"end":{"line":30,"column":12}},{"start":{"line":30,"column":16},"end":{"line":30,"column":21}}],"line":30},"2":{"loc":{"start":{"line":35,"column":2},"end":{"line":129,"column":3}},"type":"if","locations":[{"start":{"line":35,"column":2},"end":{"line":129,"column":3}},{"start":{"line":42,"column":9},"end":{"line":129,"column":3}}],"line":35},"3":{"loc":{"start":{"line":36,"column":4},"end":{"line":39,"column":22}},"type":"binary-expr","locations":[{"start":{"line":36,"column":4},"end":{"line":36,"column":16}},{"start":{"line":37,"column":4},"end":{"line":37,"column":21}},{"start":{"line":38,"column":4},"end":{"line":38,"column":22}},{"start":{"line":39,"column":4},"end":{"line":39,"column":22}}],"line":36},"4":{"loc":{"start":{"line":96,"column":40},"end":{"line":96,"column":69}},"type":"cond-expr","locations":[{"start":{"line":96,"column":53},"end":{"line":96,"column":60}},{"start":{"line":96,"column":63},"end":{"line":96,"column":69}}],"line":96},"5":{"loc":{"start":{"line":105,"column":40},"end":{"line":105,"column":70}},"type":"cond-expr","locations":[{"start":{"line":105,"column":54},"end":{"line":105,"column":61}},{"start":{"line":105,"column":64},"end":{"line":105,"column":70}}],"line":105}},"s":{"0":10,"1":10,"2":10,"3":10,"4":10,"5":0,"6":0,"7":0,"8":10,"9":0,"10":0,"11":10,"12":9,"13":0,"14":10,"15":9,"16":1,"17":0,"18":0,"19":2,"20":0},"f":{"0":10,"1":0,"2":0,"3":9,"4":0,"5":0,"6":2,"7":0},"b":{"0":[0,9],"1":[9,1],"2":[9,1],"3":[10,1,1,1],"4":[2,0],"5":[0,2]},"_coverageSchema":"1a1c01bbd47fc00a2c39e90264f33305004495a9","hash":"469331f0635f2e3d0d5bbf8723c1f852939d2c8c"}
}
