TN:
SF:src/App.jsx
FN:8,App
FNF:1
FNH:1
FNDA:1,App
DA:9,1
DA:10,1
DA:11,1
DA:12,1
DA:14,1
LF:5
LH:5
BRF:0
BRH:0
end_of_record
TN:
SF:src/main.jsx
FNF:0
FNH:0
DA:9,0
LF:1
LH:0
BRF:0
BRH:0
end_of_record
TN:
SF:src/styleMock.js
FNF:0
FNH:0
LF:0
LH:0
BRF:0
BRH:0
end_of_record
TN:
SF:src/buttons/EditSelect.jsx
FN:4,EditSelect
FN:5,(anonymous_1)
FN:30,(anonymous_2)
FN:38,(anonymous_3)
FN:46,(anonymous_4)
FNF:5
FNH:1
FNDA:2,EditSelect
FNDA:0,(anonymous_1)
FNDA:0,(anonymous_2)
FNDA:0,(anonymous_3)
FNDA:0,(anonymous_4)
DA:5,2
DA:6,0
DA:9,2
DA:30,0
DA:38,0
DA:46,0
LF:6
LH:2
BRDA:14,0,0,1
BRDA:14,0,1,1
BRF:2
BRH:2
end_of_record
TN:
SF:src/buttons/LoginButton.jsx
FN:12,LoginButton
FN:17,(anonymous_1)
FN:43,(anonymous_2)
FN:51,(anonymous_3)
FN:57,(anonymous_4)
FNF:5
FNH:1
FNDA:3,LoginButton
FNDA:0,(anonymous_1)
FNDA:0,(anonymous_2)
FNDA:0,(anonymous_3)
FNDA:0,(anonymous_4)
DA:13,3
DA:15,3
DA:17,3
DA:18,0
DA:19,0
DA:20,0
DA:23,3
DA:43,0
DA:51,0
DA:57,0
LF:10
LH:4
BRDA:25,0,0,2
BRDA:25,0,1,1
BRDA:34,1,0,2
BRDA:34,1,1,0
BRF:4
BRH:3
end_of_record
TN:
SF:src/buttons/SearchSelect.jsx
FN:4,SearchSelect
FN:5,(anonymous_1)
FN:33,(anonymous_2)
FN:41,(anonymous_3)
FN:49,(anonymous_4)
FNF:5
FNH:1
FNDA:2,SearchSelect
FNDA:0,(anonymous_1)
FNDA:0,(anonymous_2)
FNDA:0,(anonymous_3)
FNDA:0,(anonymous_4)
DA:5,2
DA:6,0
DA:9,2
DA:33,0
DA:41,0
DA:49,0
LF:6
LH:2
BRDA:14,0,0,1
BRDA:14,0,1,1
BRF:2
BRH:2
end_of_record
TN:
SF:src/components/generic/ErrorBoundary.jsx
FN:4,(anonymous_0)
FN:8,(anonymous_1)
FN:14,(anonymous_2)
FNF:3
FNH:0
FNDA:0,(anonymous_0)
FNDA:0,(anonymous_1)
FNDA:0,(anonymous_2)
DA:5,0
DA:6,0
DA:9,0
DA:15,0
DA:16,0
DA:34,0
LF:6
LH:0
BRDA:15,0,0,0
BRDA:15,0,1,0
BRDA:27,1,0,0
BRDA:27,1,1,0
BRF:4
BRH:0
end_of_record
TN:
SF:src/components/generic/Home.jsx
FN:3,Home
FNF:1
FNH:0
FNDA:0,Home
DA:4,0
LF:1
LH:0
BRF:0
BRH:0
end_of_record
TN:
SF:src/components/generic/Login.jsx
FN:5,Login
FN:19,(anonymous_1)
FN:23,(anonymous_2)
FN:27,(anonymous_3)
FN:29,login
FN:39,(anonymous_5)
FN:40,(anonymous_6)
FN:46,(anonymous_7)
FN:54,(anonymous_8)
FN:64,(anonymous_9)
FN:74,(anonymous_10)
FN:87,(anonymous_11)
FNF:12
FNH:7
FNDA:3,Login
FNDA:0,(anonymous_1)
FNDA:0,(anonymous_2)
FNDA:1,(anonymous_3)
FNDA:1,login
FNDA:1,(anonymous_5)
FNDA:1,(anonymous_6)
FNDA:0,(anonymous_7)
FNDA:3,(anonymous_8)
FNDA:1,(anonymous_9)
FNDA:0,(anonymous_10)
FNDA:0,(anonymous_11)
DA:6,3
DA:15,3
DA:17,3
DA:19,3
DA:20,0
DA:23,3
DA:24,0
DA:27,3
DA:28,1
DA:30,1
DA:31,1
DA:39,1
DA:41,1
DA:42,1
DA:43,1
DA:44,1
DA:47,0
DA:48,0
DA:51,1
DA:54,3
DA:55,3
DA:56,1
DA:58,2
DA:62,3
DA:64,1
DA:74,0
DA:87,0
LF:27
LH:21
BRDA:55,0,0,1
BRDA:55,0,1,2
BRDA:66,1,0,0
BRDA:66,1,1,3
BRF:4
BRH:3
end_of_record
TN:
SF:src/components/generic/MyRoutes.jsx
FN:12,MyRoutes
FNF:1
FNH:1
FNDA:6,MyRoutes
DA:22,6
LF:1
LH:1
BRF:0
BRH:0
end_of_record
TN:
SF:src/components/generic/NotFound.jsx
FN:5,NotFound
FNF:1
FNH:1
FNDA:1,NotFound
DA:6,1
DA:7,1
LF:2
LH:2
BRF:0
BRH:0
end_of_record
TN:
SF:src/components/generic/Signup.jsx
FN:5,SignUp
FN:10,(anonymous_1)
FN:14,(anonymous_2)
FN:18,(anonymous_3)
FN:20,postUser
FN:30,(anonymous_5)
FN:33,(anonymous_6)
FN:42,(anonymous_7)
FN:49,(anonymous_8)
FN:62,(anonymous_9)
FNF:10
FNH:5
FNDA:3,SignUp
FNDA:0,(anonymous_1)
FNDA:0,(anonymous_2)
FNDA:1,(anonymous_3)
FNDA:1,postUser
FNDA:1,(anonymous_5)
FNDA:0,(anonymous_6)
FNDA:1,(anonymous_7)
FNDA:0,(anonymous_8)
FNDA:0,(anonymous_9)
DA:6,3
DA:7,3
DA:8,3
DA:10,3
DA:11,0
DA:14,3
DA:15,0
DA:18,3
DA:19,1
DA:21,1
DA:22,1
DA:31,1
DA:33,0
DA:35,1
DA:38,3
DA:42,1
DA:49,0
DA:62,0
LF:18
LH:13
BRDA:31,0,0,0
BRDA:31,0,1,1
BRF:2
BRH:1
end_of_record
TN:
SF:src/components/search/KeyWordSearch.jsx
FN:7,KeyWordSearch
FN:17,(anonymous_1)
FN:20,(anonymous_2)
FN:24,fetchData
FN:26,(anonymous_4)
FN:34,(anonymous_5)
FN:35,(anonymous_6)
FN:36,(anonymous_7)
FN:49,(anonymous_8)
FN:55,(anonymous_9)
FNF:10
FNH:9
FNDA:4,KeyWordSearch
FNDA:1,(anonymous_1)
FNDA:1,(anonymous_2)
FNDA:1,fetchData
FNDA:1,(anonymous_4)
FNDA:1,(anonymous_5)
FNDA:1,(anonymous_6)
FNDA:0,(anonymous_7)
FNDA:1,(anonymous_8)
FNDA:1,(anonymous_9)
DA:13,4
DA:14,4
DA:15,4
DA:17,4
DA:18,1
DA:20,4
DA:21,1
DA:22,1
DA:23,1
DA:25,1
DA:27,1
DA:28,1
DA:30,0
DA:31,0
DA:34,1
DA:35,1
DA:36,0
DA:38,1
DA:41,4
DA:49,1
DA:55,1
LF:21
LH:18
BRDA:27,0,0,1
BRDA:27,0,1,0
BRF:2
BRH:1
end_of_record
TN:
SF:src/components/search/LocationSearch.jsx
FN:9,LocationSearch
FN:36,(anonymous_1)
FN:44,(anonymous_2)
FN:47,fetchGPS
FN:51,(anonymous_4)
FN:54,(anonymous_5)
FN:57,(anonymous_6)
FN:60,(anonymous_7)
FN:65,(anonymous_8)
FN:69,(anonymous_9)
FN:79,fetchData
FN:90,(anonymous_11)
FN:98,(anonymous_12)
FN:102,(anonymous_13)
FN:129,(anonymous_14)
FN:135,(anonymous_15)
FN:142,(anonymous_16)
FNF:17
FNH:0
FNDA:0,LocationSearch
FNDA:0,(anonymous_1)
FNDA:0,(anonymous_2)
FNDA:0,fetchGPS
FNDA:0,(anonymous_4)
FNDA:0,(anonymous_5)
FNDA:0,(anonymous_6)
FNDA:0,(anonymous_7)
FNDA:0,(anonymous_8)
FNDA:0,(anonymous_9)
FNDA:0,fetchData
FNDA:0,(anonymous_11)
FNDA:0,(anonymous_12)
FNDA:0,(anonymous_13)
FNDA:0,(anonymous_14)
FNDA:0,(anonymous_15)
FNDA:0,(anonymous_16)
DA:15,0
DA:16,0
DA:17,0
DA:18,0
DA:21,0
DA:22,0
DA:23,0
DA:33,0
DA:34,0
DA:36,0
DA:37,0
DA:38,0
DA:39,0
DA:40,0
DA:41,0
DA:44,0
DA:45,0
DA:48,0
DA:52,0
DA:55,0
DA:57,0
DA:60,0
DA:61,0
DA:65,0
DA:66,0
DA:69,0
DA:70,0
DA:72,0
DA:77,0
DA:80,0
DA:81,0
DA:82,0
DA:91,0
DA:92,0
DA:94,0
DA:95,0
DA:99,0
DA:100,0
DA:102,0
DA:104,0
DA:105,0
DA:106,0
DA:109,0
DA:110,0
DA:111,0
DA:113,0
DA:129,0
DA:135,0
DA:142,0
LF:49
LH:0
BRDA:91,0,0,0
BRDA:91,0,1,0
BRDA:161,1,0,0
BRDA:161,1,1,0
BRF:4
BRH:0
end_of_record
TN:
SF:src/components/search/Search.jsx
FN:6,Search
FNF:1
FNH:1
FNDA:1,Search
DA:7,1
DA:8,1
LF:2
LH:2
BRDA:12,0,0,1
BRDA:12,0,1,0
BRDA:18,1,0,0
BRDA:18,1,1,1
BRDA:25,2,0,0
BRDA:25,2,1,1
BRF:6
BRH:3
end_of_record
TN:
SF:src/components/search/UserSearch.jsx
FN:7,UserSearch
FN:20,(anonymous_1)
FN:23,(anonymous_2)
FN:36,(anonymous_3)
FN:58,fetchData
FN:65,(anonymous_5)
FN:73,(anonymous_6)
FN:77,(anonymous_7)
FN:88,(anonymous_8)
FN:98,(anonymous_9)
FN:125,(anonymous_10)
FN:133,(anonymous_11)
FN:141,(anonymous_12)
FNF:13
FNH:2
FNDA:2,UserSearch
FNDA:0,(anonymous_1)
FNDA:2,(anonymous_2)
FNDA:0,(anonymous_3)
FNDA:0,fetchData
FNDA:0,(anonymous_5)
FNDA:0,(anonymous_6)
FNDA:0,(anonymous_7)
FNDA:0,(anonymous_8)
FNDA:0,(anonymous_9)
FNDA:0,(anonymous_10)
FNDA:0,(anonymous_11)
FNDA:0,(anonymous_12)
DA:13,2
DA:14,2
DA:15,2
DA:16,2
DA:18,2
DA:20,2
DA:21,0
DA:23,2
DA:24,2
DA:27,2
DA:29,2
DA:30,2
DA:36,2
DA:37,0
DA:38,0
DA:39,0
DA:42,0
DA:43,0
DA:44,0
DA:45,0
DA:46,0
DA:49,0
DA:50,0
DA:55,0
DA:56,0
DA:59,0
DA:66,0
DA:67,0
DA:69,0
DA:70,0
DA:74,0
DA:75,0
DA:78,0
DA:81,0
DA:84,2
DA:88,0
DA:98,0
DA:125,0
DA:133,0
DA:141,0
LF:40
LH:13
BRDA:29,0,0,2
BRDA:29,0,1,0
BRDA:42,1,0,0
BRDA:42,1,1,0
BRDA:45,2,0,0
BRDA:45,2,1,0
BRDA:46,3,0,0
BRDA:46,3,1,0
BRDA:49,4,0,0
BRDA:49,4,1,0
BRDA:50,5,0,0
BRDA:50,5,1,0
BRDA:55,6,0,0
BRDA:55,6,1,0
BRDA:66,7,0,0
BRDA:66,7,1,0
BRDA:116,8,0,0
BRDA:116,8,1,2
BRDA:150,9,0,1
BRDA:150,9,1,1
BRF:20
BRH:4
end_of_record
TN:
SF:src/components/userPages/CreateSing.jsx
FN:10,CreateSing
FN:27,(anonymous_1)
FN:34,(anonymous_2)
FN:37,postData
FN:52,(anonymous_4)
FN:55,(anonymous_5)
FN:78,(anonymous_6)
FN:85,(anonymous_7)
FN:94,(anonymous_8)
FN:103,(anonymous_9)
FN:112,(anonymous_10)
FN:121,(anonymous_11)
FN:125,(anonymous_12)
FN:136,(anonymous_13)
FN:140,(anonymous_14)
FN:152,(anonymous_15)
FN:161,(anonymous_16)
FNF:17
FNH:1
FNDA:3,CreateSing
FNDA:0,(anonymous_1)
FNDA:0,(anonymous_2)
FNDA:0,postData
FNDA:0,(anonymous_4)
FNDA:0,(anonymous_5)
FNDA:0,(anonymous_6)
FNDA:0,(anonymous_7)
FNDA:0,(anonymous_8)
FNDA:0,(anonymous_9)
FNDA:0,(anonymous_10)
FNDA:0,(anonymous_11)
FNDA:0,(anonymous_12)
FNDA:0,(anonymous_13)
FNDA:0,(anonymous_14)
FNDA:0,(anonymous_15)
FNDA:0,(anonymous_16)
DA:15,3
DA:17,2
DA:18,2
DA:19,2
DA:20,2
DA:22,2
DA:23,2
DA:27,2
DA:28,0
DA:29,0
DA:30,0
DA:31,0
DA:34,2
DA:35,0
DA:36,0
DA:38,0
DA:39,0
DA:53,0
DA:56,0
DA:57,0
DA:60,0
DA:62,0
DA:66,2
DA:78,0
DA:85,0
DA:94,0
DA:103,0
DA:112,0
DA:121,0
DA:125,0
DA:136,0
DA:140,0
DA:152,0
DA:161,0
LF:34
LH:10
BRDA:36,0,0,0
BRDA:36,0,1,0
BRDA:53,1,0,0
BRDA:53,1,1,0
BRDA:124,2,0,0
BRDA:124,2,1,2
BRDA:139,3,0,0
BRDA:139,3,1,2
BRF:8
BRH:2
end_of_record
TN:
SF:src/components/userPages/MySings.jsx
FN:5,MySings
FN:21,fetchData
FN:29,(anonymous_2)
FN:30,(anonymous_3)
FN:34,(anonymous_4)
FN:38,(anonymous_5)
FNF:6
FNH:2
FNDA:1,MySings
FNDA:0,fetchData
FNDA:0,(anonymous_2)
FNDA:0,(anonymous_3)
FNDA:0,(anonymous_4)
FNDA:1,(anonymous_5)
DA:6,1
DA:7,1
DA:8,1
DA:10,1
DA:12,1
DA:14,1
DA:15,1
DA:22,0
DA:29,0
DA:31,0
DA:32,0
DA:34,0
DA:37,1
DA:38,1
DA:39,1
DA:40,0
DA:41,0
DA:43,1
DA:44,0
DA:45,0
DA:47,1
DA:48,0
DA:49,0
DA:53,1
LF:24
LH:13
BRDA:14,0,0,1
BRDA:14,0,1,0
BRDA:39,1,0,0
BRDA:39,1,1,1
BRDA:43,2,0,0
BRDA:43,2,1,1
BRDA:47,3,0,0
BRDA:47,3,1,1
BRDA:58,4,0,0
BRDA:58,4,1,1
BRDA:71,5,0,0
BRDA:71,5,1,1
BRDA:84,6,0,0
BRDA:84,6,1,1
BRF:14
BRH:7
end_of_record
TN:
SF:src/components/userPages/UpdateSing.jsx
FN:8,UpdateSing
FN:18,(anonymous_1)
FN:23,(anonymous_2)
FN:25,postData
FN:43,(anonymous_4)
FN:46,(anonymous_5)
FN:57,(anonymous_6)
FN:59,deleteSing
FN:72,(anonymous_8)
FN:84,(anonymous_9)
FN:132,(anonymous_10)
FN:140,(anonymous_11)
FN:150,(anonymous_12)
FN:160,(anonymous_13)
FN:170,(anonymous_14)
FN:180,(anonymous_15)
FN:190,(anonymous_16)
FN:204,(anonymous_17)
FNF:18
FNH:1
FNDA:2,UpdateSing
FNDA:0,(anonymous_1)
FNDA:0,(anonymous_2)
FNDA:0,postData
FNDA:0,(anonymous_4)
FNDA:0,(anonymous_5)
FNDA:0,(anonymous_6)
FNDA:0,deleteSing
FNDA:0,(anonymous_8)
FNDA:0,(anonymous_9)
FNDA:0,(anonymous_10)
FNDA:0,(anonymous_11)
FNDA:0,(anonymous_12)
FNDA:0,(anonymous_13)
FNDA:0,(anonymous_14)
FNDA:0,(anonymous_15)
FNDA:0,(anonymous_16)
FNDA:0,(anonymous_17)
DA:9,2
DA:11,2
DA:12,2
DA:14,2
DA:16,2
DA:18,2
DA:19,0
DA:20,0
DA:23,2
DA:24,0
DA:26,0
DA:27,0
DA:44,0
DA:46,0
DA:48,0
DA:52,2
DA:56,2
DA:57,2
DA:58,0
DA:60,0
DA:73,0
DA:74,0
DA:75,0
DA:76,0
DA:78,0
DA:81,0
DA:85,0
DA:88,0
DA:91,2
DA:92,2
DA:93,1
DA:95,2
DA:96,0
DA:98,2
DA:99,1
DA:102,2
DA:132,0
DA:140,0
DA:150,0
DA:160,0
DA:170,0
DA:180,0
DA:190,0
DA:204,0
LF:44
LH:17
BRDA:44,0,0,0
BRDA:44,0,1,0
BRDA:52,1,0,1
BRDA:52,1,1,1
BRDA:74,2,0,0
BRDA:74,2,1,0
BRDA:92,3,0,1
BRDA:92,3,1,1
BRDA:95,4,0,0
BRDA:95,4,1,2
BRDA:98,5,0,1
BRDA:98,5,1,1
BRDA:107,6,0,0
BRDA:107,6,1,2
BRDA:113,7,0,1
BRDA:113,7,1,1
BRDA:121,8,0,1
BRDA:121,8,1,1
BRDA:125,9,0,2
BRDA:125,9,1,0
BRDA:139,10,0,2
BRDA:139,10,1,0
BRDA:148,11,0,2
BRDA:148,11,1,0
BRDA:158,12,0,2
BRDA:158,12,1,0
BRDA:168,13,0,2
BRDA:168,13,1,0
BRDA:178,14,0,2
BRDA:178,14,1,0
BRDA:188,15,0,2
BRDA:188,15,1,0
BRF:32
BRH:19
end_of_record
TN:
SF:src/helpers/sortSings.js
FN:1,sortSingsByDate
FN:2,(anonymous_1)
FNF:2
FNH:0
FNDA:0,sortSingsByDate
FNDA:0,(anonymous_1)
DA:2,0
DA:3,0
DA:4,0
DA:6,0
DA:7,0
DA:9,0
LF:6
LH:0
BRDA:1,0,0,0
BRDA:6,1,0,0
BRDA:6,1,1,0
BRF:3
BRH:0
end_of_record
TN:
SF:src/helpers/useBooks.jsx
FN:3,useBooks
FN:8,(anonymous_1)
FN:9,fetchBooks
FNF:3
FNH:3
FNDA:2,useBooks
FNDA:1,(anonymous_1)
FNDA:1,fetchBooks
DA:4,2
DA:5,2
DA:6,2
DA:8,2
DA:10,1
DA:11,1
DA:12,1
DA:13,1
DA:14,1
DA:16,0
DA:17,0
DA:19,1
DA:23,1
DA:25,2
DA:26,2
LF:15
LH:13
BRF:0
BRH:0
end_of_record
TN:
SF:src/helpers/useChangeSing.jsx
FN:5,useChangeSing
FN:11,(anonymous_1)
FN:12,postData
FN:22,(anonymous_3)
FN:25,(anonymous_4)
FNF:5
FNH:0
FNDA:0,useChangeSing
FNDA:0,(anonymous_1)
FNDA:0,postData
FNDA:0,(anonymous_3)
FNDA:0,(anonymous_4)
DA:6,0
DA:7,0
DA:9,0
DA:11,0
DA:13,0
DA:14,0
DA:23,0
DA:25,0
DA:27,0
DA:30,0
LF:10
LH:0
BRDA:23,0,0,0
BRDA:23,0,1,0
BRF:2
BRH:0
end_of_record
TN:
SF:src/helpers/useFetchSing.jsx
FN:3,useFetchSing
FN:10,(anonymous_1)
FN:11,fetchData
FNF:3
FNH:3
FNDA:4,useFetchSing
FNDA:3,(anonymous_1)
FNDA:3,fetchData
DA:4,4
DA:5,4
DA:6,4
DA:8,4
DA:10,4
DA:12,3
DA:13,3
DA:16,3
DA:17,3
DA:18,3
DA:20,0
DA:21,0
DA:23,3
DA:27,3
DA:30,4
LF:15
LH:13
BRF:0
BRH:0
end_of_record
TN:
SF:src/helpers/useUUID.jsx
FN:4,useUUID
FN:13,(anonymous_1)
FN:14,fetchUUID
FNF:3
FNH:3
FNDA:2,useUUID
FNDA:1,(anonymous_1)
FNDA:1,fetchUUID
DA:5,2
DA:6,2
DA:7,2
DA:9,2
DA:11,2
DA:13,2
DA:15,1
DA:16,1
DA:29,1
DA:30,1
DA:32,0
DA:33,0
DA:35,1
DA:39,1
DA:42,2
DA:44,2
LF:16
LH:14
BRF:0
BRH:0
end_of_record
TN:
SF:src/provider/AuthProvider.jsx
FN:6,AuthProvider
FNF:1
FNH:0
FNDA:0,AuthProvider
DA:4,9
DA:7,0
DA:8,0
DA:9,0
DA:10,0
DA:11,0
DA:12,0
DA:13,0
DA:15,0
LF:9
LH:1
BRDA:8,0,0,0
BRDA:8,0,1,0
BRF:2
BRH:0
end_of_record
TN:
SF:src/tables/LoadingTable.jsx
FN:3,LoadingTable
FNF:1
FNH:1
FNDA:16,LoadingTable
DA:4,16
LF:1
LH:1
BRDA:22,0,0,2
BRDA:22,0,1,14
BRDA:28,1,0,14
BRDA:28,1,1,2
BRDA:34,2,0,1
BRDA:34,2,1,15
BRF:6
BRH:6
end_of_record
TN:
SF:src/tables/LoggedInTable.jsx
FN:7,LoggedInTable
FN:20,(anonymous_1)
FN:25,(anonymous_2)
FN:29,(anonymous_3)
FN:36,addToMySings
FN:48,(anonymous_5)
FN:72,(anonymous_6)
FN:85,(anonymous_7)
FN:114,(anonymous_8)
FN:124,(anonymous_9)
FN:182,(anonymous_10)
FN:193,(anonymous_11)
FNF:12
FNH:6
FNDA:6,LoggedInTable
FNDA:0,(anonymous_1)
FNDA:1,(anonymous_2)
FNDA:5,(anonymous_3)
FNDA:0,addToMySings
FNDA:0,(anonymous_5)
FNDA:0,(anonymous_6)
FNDA:1,(anonymous_7)
FNDA:10,(anonymous_8)
FNDA:1,(anonymous_9)
FNDA:0,(anonymous_10)
FNDA:0,(anonymous_11)
DA:14,6
DA:15,6
DA:16,6
DA:17,6
DA:18,6
DA:20,6
DA:21,0
DA:22,0
DA:25,6
DA:26,1
DA:29,6
DA:30,5
DA:31,1
DA:35,6
DA:37,0
DA:49,0
DA:55,6
DA:61,1
DA:63,5
DA:72,0
DA:85,1
DA:115,10
DA:125,1
DA:183,0
DA:184,0
DA:194,0
DA:195,0
LF:27
LH:18
BRDA:30,0,0,1
BRDA:30,0,1,4
BRDA:30,1,0,5
BRDA:30,1,1,4
BRDA:49,2,0,0
BRDA:49,2,1,0
BRDA:55,3,0,1
BRDA:55,3,1,5
BRDA:56,4,0,6
BRDA:56,4,1,5
BRDA:56,4,2,5
BRDA:56,4,3,5
BRDA:120,5,0,10
BRDA:120,5,1,0
BRDA:132,6,0,0
BRDA:132,6,1,10
BRF:16
BRH:12
end_of_record
TN:
SF:src/tables/Table.jsx
FN:6,Table
FN:18,(anonymous_1)
FN:24,(anonymous_2)
FN:29,(anonymous_3)
FN:51,(anonymous_4)
FN:63,(anonymous_5)
FN:90,(anonymous_6)
FN:97,(anonymous_7)
FNF:8
FNH:3
FNDA:10,Table
FNDA:0,(anonymous_1)
FNDA:0,(anonymous_2)
FNDA:9,(anonymous_3)
FNDA:0,(anonymous_4)
FNDA:0,(anonymous_5)
FNDA:2,(anonymous_6)
FNDA:0,(anonymous_7)
DA:13,10
DA:14,10
DA:15,10
DA:16,10
DA:18,10
DA:19,0
DA:20,0
DA:21,0
DA:24,10
DA:25,0
DA:26,0
DA:29,10
DA:30,9
DA:31,0
DA:35,10
DA:41,9
DA:43,1
DA:51,0
DA:63,0
DA:91,2
DA:98,0
LF:21
LH:12
BRDA:30,0,0,0
BRDA:30,0,1,9
BRDA:30,1,0,9
BRDA:30,1,1,1
BRDA:35,2,0,9
BRDA:35,2,1,1
BRDA:36,3,0,10
BRDA:36,3,1,1
BRDA:36,3,2,1
BRDA:36,3,3,1
BRDA:96,4,0,2
BRDA:96,4,1,0
BRDA:105,5,0,0
BRDA:105,5,1,2
BRF:14
BRH:11
end_of_record
